2022-03-13T16:04:28.659+0100 ERROR Application run failed
org.springframework.beans.factory.BeanCreationException: Error creating bean with name 'batchConfigurer': Invocation of init method failed; nested exception is java.lang.IllegalStateException: Unable to initialize Spring Batch
	at org.springframework.beans.factory.annotation.InitDestroyAnnotationBeanPostProcessor.postProcessBeforeInitialization(InitDestroyAnnotationBeanPostProcessor.java:160) ~[spring-beans-5.2.6.RELEASE.jar:5.2.6.RELEASE]
	at org.springframework.beans.factory.support.AbstractAutowireCapableBeanFactory.applyBeanPostProcessorsBeforeInitialization(AbstractAutowireCapableBeanFactory.java:416) ~[spring-beans-5.2.6.RELEASE.jar:5.2.6.RELEASE]
	at org.springframework.beans.factory.support.AbstractAutowireCapableBeanFactory.initializeBean(AbstractAutowireCapableBeanFactory.java:1788) ~[spring-beans-5.2.6.RELEASE.jar:5.2.6.RELEASE]
	at org.springframework.beans.factory.support.AbstractAutowireCapableBeanFactory.doCreateBean(AbstractAutowireCapableBeanFactory.java:595) ~[spring-beans-5.2.6.RELEASE.jar:5.2.6.RELEASE]
	at org.springframework.beans.factory.support.AbstractAutowireCapableBeanFactory.createBean(AbstractAutowireCapableBeanFactory.java:517) ~[spring-beans-5.2.6.RELEASE.jar:5.2.6.RELEASE]
	at org.springframework.beans.factory.support.AbstractBeanFactory.lambda$doGetBean$0(AbstractBeanFactory.java:323) ~[spring-beans-5.2.6.RELEASE.jar:5.2.6.RELEASE]
	at org.springframework.beans.factory.support.DefaultSingletonBeanRegistry.getSingleton(DefaultSingletonBeanRegistry.java:226) ~[spring-beans-5.2.6.RELEASE.jar:5.2.6.RELEASE]
	at org.springframework.beans.factory.support.AbstractBeanFactory.doGetBean(AbstractBeanFactory.java:321) ~[spring-beans-5.2.6.RELEASE.jar:5.2.6.RELEASE]
	at org.springframework.beans.factory.support.AbstractBeanFactory.getBean(AbstractBeanFactory.java:202) ~[spring-beans-5.2.6.RELEASE.jar:5.2.6.RELEASE]
	at org.springframework.beans.factory.support.DefaultListableBeanFactory.preInstantiateSingletons(DefaultListableBeanFactory.java:895) ~[spring-beans-5.2.6.RELEASE.jar:5.2.6.RELEASE]
	at org.springframework.context.support.AbstractApplicationContext.finishBeanFactoryInitialization(AbstractApplicationContext.java:878) ~[spring-context-5.2.6.RELEASE.jar:5.2.6.RELEASE]
	at org.springframework.context.support.AbstractApplicationContext.refresh(AbstractApplicationContext.java:550) ~[spring-context-5.2.6.RELEASE.jar:5.2.6.RELEASE]
	at org.springframework.boot.web.servlet.context.ServletWebServerApplicationContext.refresh(ServletWebServerApplicationContext.java:143) ~[spring-boot-2.3.0.RELEASE.jar:2.3.0.RELEASE]
	at org.springframework.boot.SpringApplication.refresh(SpringApplication.java:758) ~[spring-boot-2.3.0.RELEASE.jar:2.3.0.RELEASE]
	at org.springframework.boot.SpringApplication.refresh(SpringApplication.java:750) [spring-boot-2.3.0.RELEASE.jar:2.3.0.RELEASE]
	at org.springframework.boot.SpringApplication.refreshContext(SpringApplication.java:397) [spring-boot-2.3.0.RELEASE.jar:2.3.0.RELEASE]
	at org.springframework.boot.SpringApplication.run(SpringApplication.java:315) [spring-boot-2.3.0.RELEASE.jar:2.3.0.RELEASE]
	at cm.packagemanager.pmanager.PackageApplication.main(PackageApplication.java:38) [classes/:?]
	at sun.reflect.NativeMethodAccessorImpl.invoke0(Native Method) ~[?:1.8.0_281]
	at sun.reflect.NativeMethodAccessorImpl.invoke(NativeMethodAccessorImpl.java:62) ~[?:1.8.0_281]
	at sun.reflect.DelegatingMethodAccessorImpl.invoke(DelegatingMethodAccessorImpl.java:43) ~[?:1.8.0_281]
	at java.lang.reflect.Method.invoke(Method.java:498) ~[?:1.8.0_281]
	at org.springframework.boot.devtools.restart.RestartLauncher.run(RestartLauncher.java:49) [spring-boot-devtools-2.3.0.RELEASE.jar:2.3.0.RELEASE]
Caused by: java.lang.IllegalStateException: Unable to initialize Spring Batch
	at org.springframework.boot.autoconfigure.batch.BasicBatchConfigurer.initialize(BasicBatchConfigurer.java:102) ~[spring-boot-autoconfigure-2.3.0.RELEASE.jar:2.3.0.RELEASE]
	at sun.reflect.NativeMethodAccessorImpl.invoke0(Native Method) ~[?:1.8.0_281]
	at sun.reflect.NativeMethodAccessorImpl.invoke(NativeMethodAccessorImpl.java:62) ~[?:1.8.0_281]
	at sun.reflect.DelegatingMethodAccessorImpl.invoke(DelegatingMethodAccessorImpl.java:43) ~[?:1.8.0_281]
	at java.lang.reflect.Method.invoke(Method.java:498) ~[?:1.8.0_281]
	at org.springframework.beans.factory.annotation.InitDestroyAnnotationBeanPostProcessor$LifecycleElement.invoke(InitDestroyAnnotationBeanPostProcessor.java:389) ~[spring-beans-5.2.6.RELEASE.jar:5.2.6.RELEASE]
	at org.springframework.beans.factory.annotation.InitDestroyAnnotationBeanPostProcessor$LifecycleMetadata.invokeInitMethods(InitDestroyAnnotationBeanPostProcessor.java:333) ~[spring-beans-5.2.6.RELEASE.jar:5.2.6.RELEASE]
	at org.springframework.beans.factory.annotation.InitDestroyAnnotationBeanPostProcessor.postProcessBeforeInitialization(InitDestroyAnnotationBeanPostProcessor.java:157) ~[spring-beans-5.2.6.RELEASE.jar:5.2.6.RELEASE]
	... 22 more
Caused by: org.springframework.jdbc.support.MetaDataAccessException: Could not get Connection for extracting meta-data; nested exception is org.springframework.jdbc.CannotGetJdbcConnectionException: Failed to obtain JDBC Connection; nested exception is org.h2.jdbc.JdbcSQLNonTransientConnectionException: Connection is broken: "java.net.ConnectException: Connection refused (Connection refused): localhost" [90067-200]
	at org.springframework.jdbc.support.JdbcUtils.extractDatabaseMetaData(JdbcUtils.java:345) ~[spring-jdbc-5.2.6.RELEASE.jar:5.2.6.RELEASE]
	at org.springframework.jdbc.support.JdbcUtils.extractDatabaseMetaData(JdbcUtils.java:373) ~[spring-jdbc-5.2.6.RELEASE.jar:5.2.6.RELEASE]
	at org.springframework.batch.support.DatabaseType.fromMetaData(DatabaseType.java:102) ~[spring-batch-infrastructure-4.2.2.RELEASE.jar:4.2.2.RELEASE]
	at org.springframework.batch.core.repository.support.JobRepositoryFactoryBean.afterPropertiesSet(JobRepositoryFactoryBean.java:183) ~[spring-batch-core-4.2.2.RELEASE.jar:4.2.2.RELEASE]
	at org.springframework.boot.autoconfigure.batch.BasicBatchConfigurer.createJobRepository(BasicBatchConfigurer.java:129) ~[spring-boot-autoconfigure-2.3.0.RELEASE.jar:2.3.0.RELEASE]
	at org.springframework.boot.autoconfigure.batch.BasicBatchConfigurer.initialize(BasicBatchConfigurer.java:97) ~[spring-boot-autoconfigure-2.3.0.RELEASE.jar:2.3.0.RELEASE]
	at sun.reflect.NativeMethodAccessorImpl.invoke0(Native Method) ~[?:1.8.0_281]
	at sun.reflect.NativeMethodAccessorImpl.invoke(NativeMethodAccessorImpl.java:62) ~[?:1.8.0_281]
	at sun.reflect.DelegatingMethodAccessorImpl.invoke(DelegatingMethodAccessorImpl.java:43) ~[?:1.8.0_281]
	at java.lang.reflect.Method.invoke(Method.java:498) ~[?:1.8.0_281]
	at org.springframework.beans.factory.annotation.InitDestroyAnnotationBeanPostProcessor$LifecycleElement.invoke(InitDestroyAnnotationBeanPostProcessor.java:389) ~[spring-beans-5.2.6.RELEASE.jar:5.2.6.RELEASE]
	at org.springframework.beans.factory.annotation.InitDestroyAnnotationBeanPostProcessor$LifecycleMetadata.invokeInitMethods(InitDestroyAnnotationBeanPostProcessor.java:333) ~[spring-beans-5.2.6.RELEASE.jar:5.2.6.RELEASE]
	at org.springframework.beans.factory.annotation.InitDestroyAnnotationBeanPostProcessor.postProcessBeforeInitialization(InitDestroyAnnotationBeanPostProcessor.java:157) ~[spring-beans-5.2.6.RELEASE.jar:5.2.6.RELEASE]
	... 22 more
Caused by: org.springframework.jdbc.CannotGetJdbcConnectionException: Failed to obtain JDBC Connection; nested exception is org.h2.jdbc.JdbcSQLNonTransientConnectionException: Connection is broken: "java.net.ConnectException: Connection refused (Connection refused): localhost" [90067-200]
	at org.springframework.jdbc.datasource.DataSourceUtils.getConnection(DataSourceUtils.java:82) ~[spring-jdbc-5.2.6.RELEASE.jar:5.2.6.RELEASE]
	at org.springframework.jdbc.support.JdbcUtils.extractDatabaseMetaData(JdbcUtils.java:336) ~[spring-jdbc-5.2.6.RELEASE.jar:5.2.6.RELEASE]
	at org.springframework.jdbc.support.JdbcUtils.extractDatabaseMetaData(JdbcUtils.java:373) ~[spring-jdbc-5.2.6.RELEASE.jar:5.2.6.RELEASE]
	at org.springframework.batch.support.DatabaseType.fromMetaData(DatabaseType.java:102) ~[spring-batch-infrastructure-4.2.2.RELEASE.jar:4.2.2.RELEASE]
	at org.springframework.batch.core.repository.support.JobRepositoryFactoryBean.afterPropertiesSet(JobRepositoryFactoryBean.java:183) ~[spring-batch-core-4.2.2.RELEASE.jar:4.2.2.RELEASE]
	at org.springframework.boot.autoconfigure.batch.BasicBatchConfigurer.createJobRepository(BasicBatchConfigurer.java:129) ~[spring-boot-autoconfigure-2.3.0.RELEASE.jar:2.3.0.RELEASE]
	at org.springframework.boot.autoconfigure.batch.BasicBatchConfigurer.initialize(BasicBatchConfigurer.java:97) ~[spring-boot-autoconfigure-2.3.0.RELEASE.jar:2.3.0.RELEASE]
	at sun.reflect.NativeMethodAccessorImpl.invoke0(Native Method) ~[?:1.8.0_281]
	at sun.reflect.NativeMethodAccessorImpl.invoke(NativeMethodAccessorImpl.java:62) ~[?:1.8.0_281]
	at sun.reflect.DelegatingMethodAccessorImpl.invoke(DelegatingMethodAccessorImpl.java:43) ~[?:1.8.0_281]
	at java.lang.reflect.Method.invoke(Method.java:498) ~[?:1.8.0_281]
	at org.springframework.beans.factory.annotation.InitDestroyAnnotationBeanPostProcessor$LifecycleElement.invoke(InitDestroyAnnotationBeanPostProcessor.java:389) ~[spring-beans-5.2.6.RELEASE.jar:5.2.6.RELEASE]
	at org.springframework.beans.factory.annotation.InitDestroyAnnotationBeanPostProcessor$LifecycleMetadata.invokeInitMethods(InitDestroyAnnotationBeanPostProcessor.java:333) ~[spring-beans-5.2.6.RELEASE.jar:5.2.6.RELEASE]
	at org.springframework.beans.factory.annotation.InitDestroyAnnotationBeanPostProcessor.postProcessBeforeInitialization(InitDestroyAnnotationBeanPostProcessor.java:157) ~[spring-beans-5.2.6.RELEASE.jar:5.2.6.RELEASE]
	... 22 more
Caused by: org.h2.jdbc.JdbcSQLNonTransientConnectionException: Connection is broken: "java.net.ConnectException: Connection refused (Connection refused): localhost" [90067-200]
	at org.h2.message.DbException.getJdbcSQLException(DbException.java:622) ~[h2-1.4.200.jar:1.4.200]
	at org.h2.message.DbException.getJdbcSQLException(DbException.java:429) ~[h2-1.4.200.jar:1.4.200]
	at org.h2.message.DbException.get(DbException.java:194) ~[h2-1.4.200.jar:1.4.200]
	at org.h2.engine.SessionRemote.connectServer(SessionRemote.java:439) ~[h2-1.4.200.jar:1.4.200]
	at org.h2.engine.SessionRemote.connectEmbeddedOrServer(SessionRemote.java:321) ~[h2-1.4.200.jar:1.4.200]
	at org.h2.jdbc.JdbcConnection.<init>(JdbcConnection.java:173) ~[h2-1.4.200.jar:1.4.200]
	at org.h2.jdbc.JdbcConnection.<init>(JdbcConnection.java:152) ~[h2-1.4.200.jar:1.4.200]
	at org.h2.Driver.connect(Driver.java:69) ~[h2-1.4.200.jar:1.4.200]
	at java.sql.DriverManager.getConnection(DriverManager.java:664) ~[?:1.8.0_281]
	at java.sql.DriverManager.getConnection(DriverManager.java:208) ~[?:1.8.0_281]
	at org.springframework.jdbc.datasource.DriverManagerDataSource.getConnectionFromDriverManager(DriverManagerDataSource.java:155) ~[spring-jdbc-5.2.6.RELEASE.jar:5.2.6.RELEASE]
	at org.springframework.jdbc.datasource.DriverManagerDataSource.getConnectionFromDriver(DriverManagerDataSource.java:146) ~[spring-jdbc-5.2.6.RELEASE.jar:5.2.6.RELEASE]
	at org.springframework.jdbc.datasource.AbstractDriverBasedDataSource.getConnectionFromDriver(AbstractDriverBasedDataSource.java:205) ~[spring-jdbc-5.2.6.RELEASE.jar:5.2.6.RELEASE]
	at org.springframework.jdbc.datasource.AbstractDriverBasedDataSource.getConnection(AbstractDriverBasedDataSource.java:169) ~[spring-jdbc-5.2.6.RELEASE.jar:5.2.6.RELEASE]
	at org.springframework.jdbc.datasource.DataSourceUtils.fetchConnection(DataSourceUtils.java:158) ~[spring-jdbc-5.2.6.RELEASE.jar:5.2.6.RELEASE]
	at org.springframework.jdbc.datasource.DataSourceUtils.doGetConnection(DataSourceUtils.java:116) ~[spring-jdbc-5.2.6.RELEASE.jar:5.2.6.RELEASE]
	at org.springframework.jdbc.datasource.DataSourceUtils.getConnection(DataSourceUtils.java:79) ~[spring-jdbc-5.2.6.RELEASE.jar:5.2.6.RELEASE]
	at org.springframework.jdbc.support.JdbcUtils.extractDatabaseMetaData(JdbcUtils.java:336) ~[spring-jdbc-5.2.6.RELEASE.jar:5.2.6.RELEASE]
	at org.springframework.jdbc.support.JdbcUtils.extractDatabaseMetaData(JdbcUtils.java:373) ~[spring-jdbc-5.2.6.RELEASE.jar:5.2.6.RELEASE]
	at org.springframework.batch.support.DatabaseType.fromMetaData(DatabaseType.java:102) ~[spring-batch-infrastructure-4.2.2.RELEASE.jar:4.2.2.RELEASE]
	at org.springframework.batch.core.repository.support.JobRepositoryFactoryBean.afterPropertiesSet(JobRepositoryFactoryBean.java:183) ~[spring-batch-core-4.2.2.RELEASE.jar:4.2.2.RELEASE]
	at org.springframework.boot.autoconfigure.batch.BasicBatchConfigurer.createJobRepository(BasicBatchConfigurer.java:129) ~[spring-boot-autoconfigure-2.3.0.RELEASE.jar:2.3.0.RELEASE]
	at org.springframework.boot.autoconfigure.batch.BasicBatchConfigurer.initialize(BasicBatchConfigurer.java:97) ~[spring-boot-autoconfigure-2.3.0.RELEASE.jar:2.3.0.RELEASE]
	at sun.reflect.NativeMethodAccessorImpl.invoke0(Native Method) ~[?:1.8.0_281]
	at sun.reflect.NativeMethodAccessorImpl.invoke(NativeMethodAccessorImpl.java:62) ~[?:1.8.0_281]
	at sun.reflect.DelegatingMethodAccessorImpl.invoke(DelegatingMethodAccessorImpl.java:43) ~[?:1.8.0_281]
	at java.lang.reflect.Method.invoke(Method.java:498) ~[?:1.8.0_281]
	at org.springframework.beans.factory.annotation.InitDestroyAnnotationBeanPostProcessor$LifecycleElement.invoke(InitDestroyAnnotationBeanPostProcessor.java:389) ~[spring-beans-5.2.6.RELEASE.jar:5.2.6.RELEASE]
	at org.springframework.beans.factory.annotation.InitDestroyAnnotationBeanPostProcessor$LifecycleMetadata.invokeInitMethods(InitDestroyAnnotationBeanPostProcessor.java:333) ~[spring-beans-5.2.6.RELEASE.jar:5.2.6.RELEASE]
	at org.springframework.beans.factory.annotation.InitDestroyAnnotationBeanPostProcessor.postProcessBeforeInitialization(InitDestroyAnnotationBeanPostProcessor.java:157) ~[spring-beans-5.2.6.RELEASE.jar:5.2.6.RELEASE]
	... 22 more
Caused by: java.net.ConnectException: Connection refused (Connection refused)
	at java.net.PlainSocketImpl.socketConnect(Native Method) ~[?:1.8.0_281]
	at java.net.AbstractPlainSocketImpl.doConnect(AbstractPlainSocketImpl.java:476) ~[?:1.8.0_281]
	at java.net.AbstractPlainSocketImpl.connectToAddress(AbstractPlainSocketImpl.java:218) ~[?:1.8.0_281]
	at java.net.AbstractPlainSocketImpl.connect(AbstractPlainSocketImpl.java:200) ~[?:1.8.0_281]
	at java.net.SocksSocketImpl.connect(SocksSocketImpl.java:394) ~[?:1.8.0_281]
	at java.net.Socket.connect(Socket.java:606) ~[?:1.8.0_281]
	at org.h2.util.NetUtils.createSocket(NetUtils.java:103) ~[h2-1.4.200.jar:1.4.200]
	at org.h2.util.NetUtils.createSocket(NetUtils.java:83) ~[h2-1.4.200.jar:1.4.200]
	at org.h2.engine.SessionRemote.initTransfer(SessionRemote.java:119) ~[h2-1.4.200.jar:1.4.200]
	at org.h2.engine.SessionRemote.connectServer(SessionRemote.java:435) ~[h2-1.4.200.jar:1.4.200]
	at org.h2.engine.SessionRemote.connectEmbeddedOrServer(SessionRemote.java:321) ~[h2-1.4.200.jar:1.4.200]
	at org.h2.jdbc.JdbcConnection.<init>(JdbcConnection.java:173) ~[h2-1.4.200.jar:1.4.200]
	at org.h2.jdbc.JdbcConnection.<init>(JdbcConnection.java:152) ~[h2-1.4.200.jar:1.4.200]
	at org.h2.Driver.connect(Driver.java:69) ~[h2-1.4.200.jar:1.4.200]
	at java.sql.DriverManager.getConnection(DriverManager.java:664) ~[?:1.8.0_281]
	at java.sql.DriverManager.getConnection(DriverManager.java:208) ~[?:1.8.0_281]
	at org.springframework.jdbc.datasource.DriverManagerDataSource.getConnectionFromDriverManager(DriverManagerDataSource.java:155) ~[spring-jdbc-5.2.6.RELEASE.jar:5.2.6.RELEASE]
	at org.springframework.jdbc.datasource.DriverManagerDataSource.getConnectionFromDriver(DriverManagerDataSource.java:146) ~[spring-jdbc-5.2.6.RELEASE.jar:5.2.6.RELEASE]
	at org.springframework.jdbc.datasource.AbstractDriverBasedDataSource.getConnectionFromDriver(AbstractDriverBasedDataSource.java:205) ~[spring-jdbc-5.2.6.RELEASE.jar:5.2.6.RELEASE]
	at org.springframework.jdbc.datasource.AbstractDriverBasedDataSource.getConnection(AbstractDriverBasedDataSource.java:169) ~[spring-jdbc-5.2.6.RELEASE.jar:5.2.6.RELEASE]
	at org.springframework.jdbc.datasource.DataSourceUtils.fetchConnection(DataSourceUtils.java:158) ~[spring-jdbc-5.2.6.RELEASE.jar:5.2.6.RELEASE]
	at org.springframework.jdbc.datasource.DataSourceUtils.doGetConnection(DataSourceUtils.java:116) ~[spring-jdbc-5.2.6.RELEASE.jar:5.2.6.RELEASE]
	at org.springframework.jdbc.datasource.DataSourceUtils.getConnection(DataSourceUtils.java:79) ~[spring-jdbc-5.2.6.RELEASE.jar:5.2.6.RELEASE]
	at org.springframework.jdbc.support.JdbcUtils.extractDatabaseMetaData(JdbcUtils.java:336) ~[spring-jdbc-5.2.6.RELEASE.jar:5.2.6.RELEASE]
	at org.springframework.jdbc.support.JdbcUtils.extractDatabaseMetaData(JdbcUtils.java:373) ~[spring-jdbc-5.2.6.RELEASE.jar:5.2.6.RELEASE]
	at org.springframework.batch.support.DatabaseType.fromMetaData(DatabaseType.java:102) ~[spring-batch-infrastructure-4.2.2.RELEASE.jar:4.2.2.RELEASE]
	at org.springframework.batch.core.repository.support.JobRepositoryFactoryBean.afterPropertiesSet(JobRepositoryFactoryBean.java:183) ~[spring-batch-core-4.2.2.RELEASE.jar:4.2.2.RELEASE]
	at org.springframework.boot.autoconfigure.batch.BasicBatchConfigurer.createJobRepository(BasicBatchConfigurer.java:129) ~[spring-boot-autoconfigure-2.3.0.RELEASE.jar:2.3.0.RELEASE]
	at org.springframework.boot.autoconfigure.batch.BasicBatchConfigurer.initialize(BasicBatchConfigurer.java:97) ~[spring-boot-autoconfigure-2.3.0.RELEASE.jar:2.3.0.RELEASE]
	at sun.reflect.NativeMethodAccessorImpl.invoke0(Native Method) ~[?:1.8.0_281]
	at sun.reflect.NativeMethodAccessorImpl.invoke(NativeMethodAccessorImpl.java:62) ~[?:1.8.0_281]
	at sun.reflect.DelegatingMethodAccessorImpl.invoke(DelegatingMethodAccessorImpl.java:43) ~[?:1.8.0_281]
	at java.lang.reflect.Method.invoke(Method.java:498) ~[?:1.8.0_281]
	at org.springframework.beans.factory.annotation.InitDestroyAnnotationBeanPostProcessor$LifecycleElement.invoke(InitDestroyAnnotationBeanPostProcessor.java:389) ~[spring-beans-5.2.6.RELEASE.jar:5.2.6.RELEASE]
	at org.springframework.beans.factory.annotation.InitDestroyAnnotationBeanPostProcessor$LifecycleMetadata.invokeInitMethods(InitDestroyAnnotationBeanPostProcessor.java:333) ~[spring-beans-5.2.6.RELEASE.jar:5.2.6.RELEASE]
	at org.springframework.beans.factory.annotation.InitDestroyAnnotationBeanPostProcessor.postProcessBeforeInitialization(InitDestroyAnnotationBeanPostProcessor.java:157) ~[spring-beans-5.2.6.RELEASE.jar:5.2.6.RELEASE]
	... 22 more
2022-03-13T16:05:27.236+0100 ERROR Application run failed
org.springframework.beans.factory.BeanCreationException: Error creating bean with name 'batchConfigurer': Invocation of init method failed; nested exception is java.lang.IllegalStateException: Unable to initialize Spring Batch
	at org.springframework.beans.factory.annotation.InitDestroyAnnotationBeanPostProcessor.postProcessBeforeInitialization(InitDestroyAnnotationBeanPostProcessor.java:160) ~[spring-beans-5.2.6.RELEASE.jar:5.2.6.RELEASE]
	at org.springframework.beans.factory.support.AbstractAutowireCapableBeanFactory.applyBeanPostProcessorsBeforeInitialization(AbstractAutowireCapableBeanFactory.java:416) ~[spring-beans-5.2.6.RELEASE.jar:5.2.6.RELEASE]
	at org.springframework.beans.factory.support.AbstractAutowireCapableBeanFactory.initializeBean(AbstractAutowireCapableBeanFactory.java:1788) ~[spring-beans-5.2.6.RELEASE.jar:5.2.6.RELEASE]
	at org.springframework.beans.factory.support.AbstractAutowireCapableBeanFactory.doCreateBean(AbstractAutowireCapableBeanFactory.java:595) ~[spring-beans-5.2.6.RELEASE.jar:5.2.6.RELEASE]
	at org.springframework.beans.factory.support.AbstractAutowireCapableBeanFactory.createBean(AbstractAutowireCapableBeanFactory.java:517) ~[spring-beans-5.2.6.RELEASE.jar:5.2.6.RELEASE]
	at org.springframework.beans.factory.support.AbstractBeanFactory.lambda$doGetBean$0(AbstractBeanFactory.java:323) ~[spring-beans-5.2.6.RELEASE.jar:5.2.6.RELEASE]
	at org.springframework.beans.factory.support.DefaultSingletonBeanRegistry.getSingleton(DefaultSingletonBeanRegistry.java:226) ~[spring-beans-5.2.6.RELEASE.jar:5.2.6.RELEASE]
	at org.springframework.beans.factory.support.AbstractBeanFactory.doGetBean(AbstractBeanFactory.java:321) ~[spring-beans-5.2.6.RELEASE.jar:5.2.6.RELEASE]
	at org.springframework.beans.factory.support.AbstractBeanFactory.getBean(AbstractBeanFactory.java:202) ~[spring-beans-5.2.6.RELEASE.jar:5.2.6.RELEASE]
	at org.springframework.beans.factory.support.DefaultListableBeanFactory.preInstantiateSingletons(DefaultListableBeanFactory.java:895) ~[spring-beans-5.2.6.RELEASE.jar:5.2.6.RELEASE]
	at org.springframework.context.support.AbstractApplicationContext.finishBeanFactoryInitialization(AbstractApplicationContext.java:878) ~[spring-context-5.2.6.RELEASE.jar:5.2.6.RELEASE]
	at org.springframework.context.support.AbstractApplicationContext.refresh(AbstractApplicationContext.java:550) ~[spring-context-5.2.6.RELEASE.jar:5.2.6.RELEASE]
	at org.springframework.boot.web.servlet.context.ServletWebServerApplicationContext.refresh(ServletWebServerApplicationContext.java:143) ~[spring-boot-2.3.0.RELEASE.jar:2.3.0.RELEASE]
	at org.springframework.boot.SpringApplication.refresh(SpringApplication.java:758) ~[spring-boot-2.3.0.RELEASE.jar:2.3.0.RELEASE]
	at org.springframework.boot.SpringApplication.refresh(SpringApplication.java:750) [spring-boot-2.3.0.RELEASE.jar:2.3.0.RELEASE]
	at org.springframework.boot.SpringApplication.refreshContext(SpringApplication.java:397) [spring-boot-2.3.0.RELEASE.jar:2.3.0.RELEASE]
	at org.springframework.boot.SpringApplication.run(SpringApplication.java:315) [spring-boot-2.3.0.RELEASE.jar:2.3.0.RELEASE]
	at cm.packagemanager.pmanager.PackageApplication.main(PackageApplication.java:38) [classes/:?]
	at sun.reflect.NativeMethodAccessorImpl.invoke0(Native Method) ~[?:1.8.0_281]
	at sun.reflect.NativeMethodAccessorImpl.invoke(NativeMethodAccessorImpl.java:62) ~[?:1.8.0_281]
	at sun.reflect.DelegatingMethodAccessorImpl.invoke(DelegatingMethodAccessorImpl.java:43) ~[?:1.8.0_281]
	at java.lang.reflect.Method.invoke(Method.java:498) ~[?:1.8.0_281]
	at org.springframework.boot.devtools.restart.RestartLauncher.run(RestartLauncher.java:49) [spring-boot-devtools-2.3.0.RELEASE.jar:2.3.0.RELEASE]
Caused by: java.lang.IllegalStateException: Unable to initialize Spring Batch
	at org.springframework.boot.autoconfigure.batch.BasicBatchConfigurer.initialize(BasicBatchConfigurer.java:102) ~[spring-boot-autoconfigure-2.3.0.RELEASE.jar:2.3.0.RELEASE]
	at sun.reflect.NativeMethodAccessorImpl.invoke0(Native Method) ~[?:1.8.0_281]
	at sun.reflect.NativeMethodAccessorImpl.invoke(NativeMethodAccessorImpl.java:62) ~[?:1.8.0_281]
	at sun.reflect.DelegatingMethodAccessorImpl.invoke(DelegatingMethodAccessorImpl.java:43) ~[?:1.8.0_281]
	at java.lang.reflect.Method.invoke(Method.java:498) ~[?:1.8.0_281]
	at org.springframework.beans.factory.annotation.InitDestroyAnnotationBeanPostProcessor$LifecycleElement.invoke(InitDestroyAnnotationBeanPostProcessor.java:389) ~[spring-beans-5.2.6.RELEASE.jar:5.2.6.RELEASE]
	at org.springframework.beans.factory.annotation.InitDestroyAnnotationBeanPostProcessor$LifecycleMetadata.invokeInitMethods(InitDestroyAnnotationBeanPostProcessor.java:333) ~[spring-beans-5.2.6.RELEASE.jar:5.2.6.RELEASE]
	at org.springframework.beans.factory.annotation.InitDestroyAnnotationBeanPostProcessor.postProcessBeforeInitialization(InitDestroyAnnotationBeanPostProcessor.java:157) ~[spring-beans-5.2.6.RELEASE.jar:5.2.6.RELEASE]
	... 22 more
Caused by: org.springframework.jdbc.support.MetaDataAccessException: Could not get Connection for extracting meta-data; nested exception is org.springframework.jdbc.CannotGetJdbcConnectionException: Failed to obtain JDBC Connection; nested exception is org.h2.jdbc.JdbcSQLNonTransientConnectionException: Connection is broken: "java.net.ConnectException: Connection refused (Connection refused): localhost" [90067-200]
	at org.springframework.jdbc.support.JdbcUtils.extractDatabaseMetaData(JdbcUtils.java:345) ~[spring-jdbc-5.2.6.RELEASE.jar:5.2.6.RELEASE]
	at org.springframework.jdbc.support.JdbcUtils.extractDatabaseMetaData(JdbcUtils.java:373) ~[spring-jdbc-5.2.6.RELEASE.jar:5.2.6.RELEASE]
	at org.springframework.batch.support.DatabaseType.fromMetaData(DatabaseType.java:102) ~[spring-batch-infrastructure-4.2.2.RELEASE.jar:4.2.2.RELEASE]
	at org.springframework.batch.core.repository.support.JobRepositoryFactoryBean.afterPropertiesSet(JobRepositoryFactoryBean.java:183) ~[spring-batch-core-4.2.2.RELEASE.jar:4.2.2.RELEASE]
	at org.springframework.boot.autoconfigure.batch.BasicBatchConfigurer.createJobRepository(BasicBatchConfigurer.java:129) ~[spring-boot-autoconfigure-2.3.0.RELEASE.jar:2.3.0.RELEASE]
	at org.springframework.boot.autoconfigure.batch.BasicBatchConfigurer.initialize(BasicBatchConfigurer.java:97) ~[spring-boot-autoconfigure-2.3.0.RELEASE.jar:2.3.0.RELEASE]
	at sun.reflect.NativeMethodAccessorImpl.invoke0(Native Method) ~[?:1.8.0_281]
	at sun.reflect.NativeMethodAccessorImpl.invoke(NativeMethodAccessorImpl.java:62) ~[?:1.8.0_281]
	at sun.reflect.DelegatingMethodAccessorImpl.invoke(DelegatingMethodAccessorImpl.java:43) ~[?:1.8.0_281]
	at java.lang.reflect.Method.invoke(Method.java:498) ~[?:1.8.0_281]
	at org.springframework.beans.factory.annotation.InitDestroyAnnotationBeanPostProcessor$LifecycleElement.invoke(InitDestroyAnnotationBeanPostProcessor.java:389) ~[spring-beans-5.2.6.RELEASE.jar:5.2.6.RELEASE]
	at org.springframework.beans.factory.annotation.InitDestroyAnnotationBeanPostProcessor$LifecycleMetadata.invokeInitMethods(InitDestroyAnnotationBeanPostProcessor.java:333) ~[spring-beans-5.2.6.RELEASE.jar:5.2.6.RELEASE]
	at org.springframework.beans.factory.annotation.InitDestroyAnnotationBeanPostProcessor.postProcessBeforeInitialization(InitDestroyAnnotationBeanPostProcessor.java:157) ~[spring-beans-5.2.6.RELEASE.jar:5.2.6.RELEASE]
	... 22 more
Caused by: org.springframework.jdbc.CannotGetJdbcConnectionException: Failed to obtain JDBC Connection; nested exception is org.h2.jdbc.JdbcSQLNonTransientConnectionException: Connection is broken: "java.net.ConnectException: Connection refused (Connection refused): localhost" [90067-200]
	at org.springframework.jdbc.datasource.DataSourceUtils.getConnection(DataSourceUtils.java:82) ~[spring-jdbc-5.2.6.RELEASE.jar:5.2.6.RELEASE]
	at org.springframework.jdbc.support.JdbcUtils.extractDatabaseMetaData(JdbcUtils.java:336) ~[spring-jdbc-5.2.6.RELEASE.jar:5.2.6.RELEASE]
	at org.springframework.jdbc.support.JdbcUtils.extractDatabaseMetaData(JdbcUtils.java:373) ~[spring-jdbc-5.2.6.RELEASE.jar:5.2.6.RELEASE]
	at org.springframework.batch.support.DatabaseType.fromMetaData(DatabaseType.java:102) ~[spring-batch-infrastructure-4.2.2.RELEASE.jar:4.2.2.RELEASE]
	at org.springframework.batch.core.repository.support.JobRepositoryFactoryBean.afterPropertiesSet(JobRepositoryFactoryBean.java:183) ~[spring-batch-core-4.2.2.RELEASE.jar:4.2.2.RELEASE]
	at org.springframework.boot.autoconfigure.batch.BasicBatchConfigurer.createJobRepository(BasicBatchConfigurer.java:129) ~[spring-boot-autoconfigure-2.3.0.RELEASE.jar:2.3.0.RELEASE]
	at org.springframework.boot.autoconfigure.batch.BasicBatchConfigurer.initialize(BasicBatchConfigurer.java:97) ~[spring-boot-autoconfigure-2.3.0.RELEASE.jar:2.3.0.RELEASE]
	at sun.reflect.NativeMethodAccessorImpl.invoke0(Native Method) ~[?:1.8.0_281]
	at sun.reflect.NativeMethodAccessorImpl.invoke(NativeMethodAccessorImpl.java:62) ~[?:1.8.0_281]
	at sun.reflect.DelegatingMethodAccessorImpl.invoke(DelegatingMethodAccessorImpl.java:43) ~[?:1.8.0_281]
	at java.lang.reflect.Method.invoke(Method.java:498) ~[?:1.8.0_281]
	at org.springframework.beans.factory.annotation.InitDestroyAnnotationBeanPostProcessor$LifecycleElement.invoke(InitDestroyAnnotationBeanPostProcessor.java:389) ~[spring-beans-5.2.6.RELEASE.jar:5.2.6.RELEASE]
	at org.springframework.beans.factory.annotation.InitDestroyAnnotationBeanPostProcessor$LifecycleMetadata.invokeInitMethods(InitDestroyAnnotationBeanPostProcessor.java:333) ~[spring-beans-5.2.6.RELEASE.jar:5.2.6.RELEASE]
	at org.springframework.beans.factory.annotation.InitDestroyAnnotationBeanPostProcessor.postProcessBeforeInitialization(InitDestroyAnnotationBeanPostProcessor.java:157) ~[spring-beans-5.2.6.RELEASE.jar:5.2.6.RELEASE]
	... 22 more
Caused by: org.h2.jdbc.JdbcSQLNonTransientConnectionException: Connection is broken: "java.net.ConnectException: Connection refused (Connection refused): localhost" [90067-200]
	at org.h2.message.DbException.getJdbcSQLException(DbException.java:622) ~[h2-1.4.200.jar:1.4.200]
	at org.h2.message.DbException.getJdbcSQLException(DbException.java:429) ~[h2-1.4.200.jar:1.4.200]
	at org.h2.message.DbException.get(DbException.java:194) ~[h2-1.4.200.jar:1.4.200]
	at org.h2.engine.SessionRemote.connectServer(SessionRemote.java:439) ~[h2-1.4.200.jar:1.4.200]
	at org.h2.engine.SessionRemote.connectEmbeddedOrServer(SessionRemote.java:321) ~[h2-1.4.200.jar:1.4.200]
	at org.h2.jdbc.JdbcConnection.<init>(JdbcConnection.java:173) ~[h2-1.4.200.jar:1.4.200]
	at org.h2.jdbc.JdbcConnection.<init>(JdbcConnection.java:152) ~[h2-1.4.200.jar:1.4.200]
	at org.h2.Driver.connect(Driver.java:69) ~[h2-1.4.200.jar:1.4.200]
	at java.sql.DriverManager.getConnection(DriverManager.java:664) ~[?:1.8.0_281]
	at java.sql.DriverManager.getConnection(DriverManager.java:208) ~[?:1.8.0_281]
	at org.springframework.jdbc.datasource.DriverManagerDataSource.getConnectionFromDriverManager(DriverManagerDataSource.java:155) ~[spring-jdbc-5.2.6.RELEASE.jar:5.2.6.RELEASE]
	at org.springframework.jdbc.datasource.DriverManagerDataSource.getConnectionFromDriver(DriverManagerDataSource.java:146) ~[spring-jdbc-5.2.6.RELEASE.jar:5.2.6.RELEASE]
	at org.springframework.jdbc.datasource.AbstractDriverBasedDataSource.getConnectionFromDriver(AbstractDriverBasedDataSource.java:205) ~[spring-jdbc-5.2.6.RELEASE.jar:5.2.6.RELEASE]
	at org.springframework.jdbc.datasource.AbstractDriverBasedDataSource.getConnection(AbstractDriverBasedDataSource.java:169) ~[spring-jdbc-5.2.6.RELEASE.jar:5.2.6.RELEASE]
	at org.springframework.jdbc.datasource.DataSourceUtils.fetchConnection(DataSourceUtils.java:158) ~[spring-jdbc-5.2.6.RELEASE.jar:5.2.6.RELEASE]
	at org.springframework.jdbc.datasource.DataSourceUtils.doGetConnection(DataSourceUtils.java:116) ~[spring-jdbc-5.2.6.RELEASE.jar:5.2.6.RELEASE]
	at org.springframework.jdbc.datasource.DataSourceUtils.getConnection(DataSourceUtils.java:79) ~[spring-jdbc-5.2.6.RELEASE.jar:5.2.6.RELEASE]
	at org.springframework.jdbc.support.JdbcUtils.extractDatabaseMetaData(JdbcUtils.java:336) ~[spring-jdbc-5.2.6.RELEASE.jar:5.2.6.RELEASE]
	at org.springframework.jdbc.support.JdbcUtils.extractDatabaseMetaData(JdbcUtils.java:373) ~[spring-jdbc-5.2.6.RELEASE.jar:5.2.6.RELEASE]
	at org.springframework.batch.support.DatabaseType.fromMetaData(DatabaseType.java:102) ~[spring-batch-infrastructure-4.2.2.RELEASE.jar:4.2.2.RELEASE]
	at org.springframework.batch.core.repository.support.JobRepositoryFactoryBean.afterPropertiesSet(JobRepositoryFactoryBean.java:183) ~[spring-batch-core-4.2.2.RELEASE.jar:4.2.2.RELEASE]
	at org.springframework.boot.autoconfigure.batch.BasicBatchConfigurer.createJobRepository(BasicBatchConfigurer.java:129) ~[spring-boot-autoconfigure-2.3.0.RELEASE.jar:2.3.0.RELEASE]
	at org.springframework.boot.autoconfigure.batch.BasicBatchConfigurer.initialize(BasicBatchConfigurer.java:97) ~[spring-boot-autoconfigure-2.3.0.RELEASE.jar:2.3.0.RELEASE]
	at sun.reflect.NativeMethodAccessorImpl.invoke0(Native Method) ~[?:1.8.0_281]
	at sun.reflect.NativeMethodAccessorImpl.invoke(NativeMethodAccessorImpl.java:62) ~[?:1.8.0_281]
	at sun.reflect.DelegatingMethodAccessorImpl.invoke(DelegatingMethodAccessorImpl.java:43) ~[?:1.8.0_281]
	at java.lang.reflect.Method.invoke(Method.java:498) ~[?:1.8.0_281]
	at org.springframework.beans.factory.annotation.InitDestroyAnnotationBeanPostProcessor$LifecycleElement.invoke(InitDestroyAnnotationBeanPostProcessor.java:389) ~[spring-beans-5.2.6.RELEASE.jar:5.2.6.RELEASE]
	at org.springframework.beans.factory.annotation.InitDestroyAnnotationBeanPostProcessor$LifecycleMetadata.invokeInitMethods(InitDestroyAnnotationBeanPostProcessor.java:333) ~[spring-beans-5.2.6.RELEASE.jar:5.2.6.RELEASE]
	at org.springframework.beans.factory.annotation.InitDestroyAnnotationBeanPostProcessor.postProcessBeforeInitialization(InitDestroyAnnotationBeanPostProcessor.java:157) ~[spring-beans-5.2.6.RELEASE.jar:5.2.6.RELEASE]
	... 22 more
Caused by: java.net.ConnectException: Connection refused (Connection refused)
	at java.net.PlainSocketImpl.socketConnect(Native Method) ~[?:1.8.0_281]
	at java.net.AbstractPlainSocketImpl.doConnect(AbstractPlainSocketImpl.java:476) ~[?:1.8.0_281]
	at java.net.AbstractPlainSocketImpl.connectToAddress(AbstractPlainSocketImpl.java:218) ~[?:1.8.0_281]
	at java.net.AbstractPlainSocketImpl.connect(AbstractPlainSocketImpl.java:200) ~[?:1.8.0_281]
	at java.net.SocksSocketImpl.connect(SocksSocketImpl.java:394) ~[?:1.8.0_281]
	at java.net.Socket.connect(Socket.java:606) ~[?:1.8.0_281]
	at org.h2.util.NetUtils.createSocket(NetUtils.java:103) ~[h2-1.4.200.jar:1.4.200]
	at org.h2.util.NetUtils.createSocket(NetUtils.java:83) ~[h2-1.4.200.jar:1.4.200]
	at org.h2.engine.SessionRemote.initTransfer(SessionRemote.java:119) ~[h2-1.4.200.jar:1.4.200]
	at org.h2.engine.SessionRemote.connectServer(SessionRemote.java:435) ~[h2-1.4.200.jar:1.4.200]
	at org.h2.engine.SessionRemote.connectEmbeddedOrServer(SessionRemote.java:321) ~[h2-1.4.200.jar:1.4.200]
	at org.h2.jdbc.JdbcConnection.<init>(JdbcConnection.java:173) ~[h2-1.4.200.jar:1.4.200]
	at org.h2.jdbc.JdbcConnection.<init>(JdbcConnection.java:152) ~[h2-1.4.200.jar:1.4.200]
	at org.h2.Driver.connect(Driver.java:69) ~[h2-1.4.200.jar:1.4.200]
	at java.sql.DriverManager.getConnection(DriverManager.java:664) ~[?:1.8.0_281]
	at java.sql.DriverManager.getConnection(DriverManager.java:208) ~[?:1.8.0_281]
	at org.springframework.jdbc.datasource.DriverManagerDataSource.getConnectionFromDriverManager(DriverManagerDataSource.java:155) ~[spring-jdbc-5.2.6.RELEASE.jar:5.2.6.RELEASE]
	at org.springframework.jdbc.datasource.DriverManagerDataSource.getConnectionFromDriver(DriverManagerDataSource.java:146) ~[spring-jdbc-5.2.6.RELEASE.jar:5.2.6.RELEASE]
	at org.springframework.jdbc.datasource.AbstractDriverBasedDataSource.getConnectionFromDriver(AbstractDriverBasedDataSource.java:205) ~[spring-jdbc-5.2.6.RELEASE.jar:5.2.6.RELEASE]
	at org.springframework.jdbc.datasource.AbstractDriverBasedDataSource.getConnection(AbstractDriverBasedDataSource.java:169) ~[spring-jdbc-5.2.6.RELEASE.jar:5.2.6.RELEASE]
	at org.springframework.jdbc.datasource.DataSourceUtils.fetchConnection(DataSourceUtils.java:158) ~[spring-jdbc-5.2.6.RELEASE.jar:5.2.6.RELEASE]
	at org.springframework.jdbc.datasource.DataSourceUtils.doGetConnection(DataSourceUtils.java:116) ~[spring-jdbc-5.2.6.RELEASE.jar:5.2.6.RELEASE]
	at org.springframework.jdbc.datasource.DataSourceUtils.getConnection(DataSourceUtils.java:79) ~[spring-jdbc-5.2.6.RELEASE.jar:5.2.6.RELEASE]
	at org.springframework.jdbc.support.JdbcUtils.extractDatabaseMetaData(JdbcUtils.java:336) ~[spring-jdbc-5.2.6.RELEASE.jar:5.2.6.RELEASE]
	at org.springframework.jdbc.support.JdbcUtils.extractDatabaseMetaData(JdbcUtils.java:373) ~[spring-jdbc-5.2.6.RELEASE.jar:5.2.6.RELEASE]
	at org.springframework.batch.support.DatabaseType.fromMetaData(DatabaseType.java:102) ~[spring-batch-infrastructure-4.2.2.RELEASE.jar:4.2.2.RELEASE]
	at org.springframework.batch.core.repository.support.JobRepositoryFactoryBean.afterPropertiesSet(JobRepositoryFactoryBean.java:183) ~[spring-batch-core-4.2.2.RELEASE.jar:4.2.2.RELEASE]
	at org.springframework.boot.autoconfigure.batch.BasicBatchConfigurer.createJobRepository(BasicBatchConfigurer.java:129) ~[spring-boot-autoconfigure-2.3.0.RELEASE.jar:2.3.0.RELEASE]
	at org.springframework.boot.autoconfigure.batch.BasicBatchConfigurer.initialize(BasicBatchConfigurer.java:97) ~[spring-boot-autoconfigure-2.3.0.RELEASE.jar:2.3.0.RELEASE]
	at sun.reflect.NativeMethodAccessorImpl.invoke0(Native Method) ~[?:1.8.0_281]
	at sun.reflect.NativeMethodAccessorImpl.invoke(NativeMethodAccessorImpl.java:62) ~[?:1.8.0_281]
	at sun.reflect.DelegatingMethodAccessorImpl.invoke(DelegatingMethodAccessorImpl.java:43) ~[?:1.8.0_281]
	at java.lang.reflect.Method.invoke(Method.java:498) ~[?:1.8.0_281]
	at org.springframework.beans.factory.annotation.InitDestroyAnnotationBeanPostProcessor$LifecycleElement.invoke(InitDestroyAnnotationBeanPostProcessor.java:389) ~[spring-beans-5.2.6.RELEASE.jar:5.2.6.RELEASE]
	at org.springframework.beans.factory.annotation.InitDestroyAnnotationBeanPostProcessor$LifecycleMetadata.invokeInitMethods(InitDestroyAnnotationBeanPostProcessor.java:333) ~[spring-beans-5.2.6.RELEASE.jar:5.2.6.RELEASE]
	at org.springframework.beans.factory.annotation.InitDestroyAnnotationBeanPostProcessor.postProcessBeforeInitialization(InitDestroyAnnotationBeanPostProcessor.java:157) ~[spring-beans-5.2.6.RELEASE.jar:5.2.6.RELEASE]
	... 22 more
2022-03-13T16:06:42.199+0100 ERROR Application run failed
org.springframework.beans.factory.BeanCreationException: Error creating bean with name 'batchConfigurer': Invocation of init method failed; nested exception is java.lang.IllegalStateException: Unable to initialize Spring Batch
	at org.springframework.beans.factory.annotation.InitDestroyAnnotationBeanPostProcessor.postProcessBeforeInitialization(InitDestroyAnnotationBeanPostProcessor.java:160) ~[spring-beans-5.2.6.RELEASE.jar:5.2.6.RELEASE]
	at org.springframework.beans.factory.support.AbstractAutowireCapableBeanFactory.applyBeanPostProcessorsBeforeInitialization(AbstractAutowireCapableBeanFactory.java:416) ~[spring-beans-5.2.6.RELEASE.jar:5.2.6.RELEASE]
	at org.springframework.beans.factory.support.AbstractAutowireCapableBeanFactory.initializeBean(AbstractAutowireCapableBeanFactory.java:1788) ~[spring-beans-5.2.6.RELEASE.jar:5.2.6.RELEASE]
	at org.springframework.beans.factory.support.AbstractAutowireCapableBeanFactory.doCreateBean(AbstractAutowireCapableBeanFactory.java:595) ~[spring-beans-5.2.6.RELEASE.jar:5.2.6.RELEASE]
	at org.springframework.beans.factory.support.AbstractAutowireCapableBeanFactory.createBean(AbstractAutowireCapableBeanFactory.java:517) ~[spring-beans-5.2.6.RELEASE.jar:5.2.6.RELEASE]
	at org.springframework.beans.factory.support.AbstractBeanFactory.lambda$doGetBean$0(AbstractBeanFactory.java:323) ~[spring-beans-5.2.6.RELEASE.jar:5.2.6.RELEASE]
	at org.springframework.beans.factory.support.DefaultSingletonBeanRegistry.getSingleton(DefaultSingletonBeanRegistry.java:226) ~[spring-beans-5.2.6.RELEASE.jar:5.2.6.RELEASE]
	at org.springframework.beans.factory.support.AbstractBeanFactory.doGetBean(AbstractBeanFactory.java:321) ~[spring-beans-5.2.6.RELEASE.jar:5.2.6.RELEASE]
	at org.springframework.beans.factory.support.AbstractBeanFactory.getBean(AbstractBeanFactory.java:202) ~[spring-beans-5.2.6.RELEASE.jar:5.2.6.RELEASE]
	at org.springframework.beans.factory.support.DefaultListableBeanFactory.preInstantiateSingletons(DefaultListableBeanFactory.java:895) ~[spring-beans-5.2.6.RELEASE.jar:5.2.6.RELEASE]
	at org.springframework.context.support.AbstractApplicationContext.finishBeanFactoryInitialization(AbstractApplicationContext.java:878) ~[spring-context-5.2.6.RELEASE.jar:5.2.6.RELEASE]
	at org.springframework.context.support.AbstractApplicationContext.refresh(AbstractApplicationContext.java:550) ~[spring-context-5.2.6.RELEASE.jar:5.2.6.RELEASE]
	at org.springframework.boot.web.servlet.context.ServletWebServerApplicationContext.refresh(ServletWebServerApplicationContext.java:143) ~[spring-boot-2.3.0.RELEASE.jar:2.3.0.RELEASE]
	at org.springframework.boot.SpringApplication.refresh(SpringApplication.java:758) ~[spring-boot-2.3.0.RELEASE.jar:2.3.0.RELEASE]
	at org.springframework.boot.SpringApplication.refresh(SpringApplication.java:750) [spring-boot-2.3.0.RELEASE.jar:2.3.0.RELEASE]
	at org.springframework.boot.SpringApplication.refreshContext(SpringApplication.java:397) [spring-boot-2.3.0.RELEASE.jar:2.3.0.RELEASE]
	at org.springframework.boot.SpringApplication.run(SpringApplication.java:315) [spring-boot-2.3.0.RELEASE.jar:2.3.0.RELEASE]
	at cm.packagemanager.pmanager.PackageApplication.main(PackageApplication.java:38) [classes/:?]
	at sun.reflect.NativeMethodAccessorImpl.invoke0(Native Method) ~[?:1.8.0_281]
	at sun.reflect.NativeMethodAccessorImpl.invoke(NativeMethodAccessorImpl.java:62) ~[?:1.8.0_281]
	at sun.reflect.DelegatingMethodAccessorImpl.invoke(DelegatingMethodAccessorImpl.java:43) ~[?:1.8.0_281]
	at java.lang.reflect.Method.invoke(Method.java:498) ~[?:1.8.0_281]
	at org.springframework.boot.devtools.restart.RestartLauncher.run(RestartLauncher.java:49) [spring-boot-devtools-2.3.0.RELEASE.jar:2.3.0.RELEASE]
Caused by: java.lang.IllegalStateException: Unable to initialize Spring Batch
	at org.springframework.boot.autoconfigure.batch.BasicBatchConfigurer.initialize(BasicBatchConfigurer.java:102) ~[spring-boot-autoconfigure-2.3.0.RELEASE.jar:2.3.0.RELEASE]
	at sun.reflect.NativeMethodAccessorImpl.invoke0(Native Method) ~[?:1.8.0_281]
	at sun.reflect.NativeMethodAccessorImpl.invoke(NativeMethodAccessorImpl.java:62) ~[?:1.8.0_281]
	at sun.reflect.DelegatingMethodAccessorImpl.invoke(DelegatingMethodAccessorImpl.java:43) ~[?:1.8.0_281]
	at java.lang.reflect.Method.invoke(Method.java:498) ~[?:1.8.0_281]
	at org.springframework.beans.factory.annotation.InitDestroyAnnotationBeanPostProcessor$LifecycleElement.invoke(InitDestroyAnnotationBeanPostProcessor.java:389) ~[spring-beans-5.2.6.RELEASE.jar:5.2.6.RELEASE]
	at org.springframework.beans.factory.annotation.InitDestroyAnnotationBeanPostProcessor$LifecycleMetadata.invokeInitMethods(InitDestroyAnnotationBeanPostProcessor.java:333) ~[spring-beans-5.2.6.RELEASE.jar:5.2.6.RELEASE]
	at org.springframework.beans.factory.annotation.InitDestroyAnnotationBeanPostProcessor.postProcessBeforeInitialization(InitDestroyAnnotationBeanPostProcessor.java:157) ~[spring-beans-5.2.6.RELEASE.jar:5.2.6.RELEASE]
	... 22 more
Caused by: org.springframework.jdbc.support.MetaDataAccessException: Could not get Connection for extracting meta-data; nested exception is org.springframework.jdbc.CannotGetJdbcConnectionException: Failed to obtain JDBC Connection; nested exception is org.h2.jdbc.JdbcSQLNonTransientConnectionException: Connection is broken: "java.net.ConnectException: Connection refused (Connection refused): localhost" [90067-200]
	at org.springframework.jdbc.support.JdbcUtils.extractDatabaseMetaData(JdbcUtils.java:345) ~[spring-jdbc-5.2.6.RELEASE.jar:5.2.6.RELEASE]
	at org.springframework.jdbc.support.JdbcUtils.extractDatabaseMetaData(JdbcUtils.java:373) ~[spring-jdbc-5.2.6.RELEASE.jar:5.2.6.RELEASE]
	at org.springframework.batch.support.DatabaseType.fromMetaData(DatabaseType.java:102) ~[spring-batch-infrastructure-4.2.2.RELEASE.jar:4.2.2.RELEASE]
	at org.springframework.batch.core.repository.support.JobRepositoryFactoryBean.afterPropertiesSet(JobRepositoryFactoryBean.java:183) ~[spring-batch-core-4.2.2.RELEASE.jar:4.2.2.RELEASE]
	at org.springframework.boot.autoconfigure.batch.BasicBatchConfigurer.createJobRepository(BasicBatchConfigurer.java:129) ~[spring-boot-autoconfigure-2.3.0.RELEASE.jar:2.3.0.RELEASE]
	at org.springframework.boot.autoconfigure.batch.BasicBatchConfigurer.initialize(BasicBatchConfigurer.java:97) ~[spring-boot-autoconfigure-2.3.0.RELEASE.jar:2.3.0.RELEASE]
	at sun.reflect.NativeMethodAccessorImpl.invoke0(Native Method) ~[?:1.8.0_281]
	at sun.reflect.NativeMethodAccessorImpl.invoke(NativeMethodAccessorImpl.java:62) ~[?:1.8.0_281]
	at sun.reflect.DelegatingMethodAccessorImpl.invoke(DelegatingMethodAccessorImpl.java:43) ~[?:1.8.0_281]
	at java.lang.reflect.Method.invoke(Method.java:498) ~[?:1.8.0_281]
	at org.springframework.beans.factory.annotation.InitDestroyAnnotationBeanPostProcessor$LifecycleElement.invoke(InitDestroyAnnotationBeanPostProcessor.java:389) ~[spring-beans-5.2.6.RELEASE.jar:5.2.6.RELEASE]
	at org.springframework.beans.factory.annotation.InitDestroyAnnotationBeanPostProcessor$LifecycleMetadata.invokeInitMethods(InitDestroyAnnotationBeanPostProcessor.java:333) ~[spring-beans-5.2.6.RELEASE.jar:5.2.6.RELEASE]
	at org.springframework.beans.factory.annotation.InitDestroyAnnotationBeanPostProcessor.postProcessBeforeInitialization(InitDestroyAnnotationBeanPostProcessor.java:157) ~[spring-beans-5.2.6.RELEASE.jar:5.2.6.RELEASE]
	... 22 more
Caused by: org.springframework.jdbc.CannotGetJdbcConnectionException: Failed to obtain JDBC Connection; nested exception is org.h2.jdbc.JdbcSQLNonTransientConnectionException: Connection is broken: "java.net.ConnectException: Connection refused (Connection refused): localhost" [90067-200]
	at org.springframework.jdbc.datasource.DataSourceUtils.getConnection(DataSourceUtils.java:82) ~[spring-jdbc-5.2.6.RELEASE.jar:5.2.6.RELEASE]
	at org.springframework.jdbc.support.JdbcUtils.extractDatabaseMetaData(JdbcUtils.java:336) ~[spring-jdbc-5.2.6.RELEASE.jar:5.2.6.RELEASE]
	at org.springframework.jdbc.support.JdbcUtils.extractDatabaseMetaData(JdbcUtils.java:373) ~[spring-jdbc-5.2.6.RELEASE.jar:5.2.6.RELEASE]
	at org.springframework.batch.support.DatabaseType.fromMetaData(DatabaseType.java:102) ~[spring-batch-infrastructure-4.2.2.RELEASE.jar:4.2.2.RELEASE]
	at org.springframework.batch.core.repository.support.JobRepositoryFactoryBean.afterPropertiesSet(JobRepositoryFactoryBean.java:183) ~[spring-batch-core-4.2.2.RELEASE.jar:4.2.2.RELEASE]
	at org.springframework.boot.autoconfigure.batch.BasicBatchConfigurer.createJobRepository(BasicBatchConfigurer.java:129) ~[spring-boot-autoconfigure-2.3.0.RELEASE.jar:2.3.0.RELEASE]
	at org.springframework.boot.autoconfigure.batch.BasicBatchConfigurer.initialize(BasicBatchConfigurer.java:97) ~[spring-boot-autoconfigure-2.3.0.RELEASE.jar:2.3.0.RELEASE]
	at sun.reflect.NativeMethodAccessorImpl.invoke0(Native Method) ~[?:1.8.0_281]
	at sun.reflect.NativeMethodAccessorImpl.invoke(NativeMethodAccessorImpl.java:62) ~[?:1.8.0_281]
	at sun.reflect.DelegatingMethodAccessorImpl.invoke(DelegatingMethodAccessorImpl.java:43) ~[?:1.8.0_281]
	at java.lang.reflect.Method.invoke(Method.java:498) ~[?:1.8.0_281]
	at org.springframework.beans.factory.annotation.InitDestroyAnnotationBeanPostProcessor$LifecycleElement.invoke(InitDestroyAnnotationBeanPostProcessor.java:389) ~[spring-beans-5.2.6.RELEASE.jar:5.2.6.RELEASE]
	at org.springframework.beans.factory.annotation.InitDestroyAnnotationBeanPostProcessor$LifecycleMetadata.invokeInitMethods(InitDestroyAnnotationBeanPostProcessor.java:333) ~[spring-beans-5.2.6.RELEASE.jar:5.2.6.RELEASE]
	at org.springframework.beans.factory.annotation.InitDestroyAnnotationBeanPostProcessor.postProcessBeforeInitialization(InitDestroyAnnotationBeanPostProcessor.java:157) ~[spring-beans-5.2.6.RELEASE.jar:5.2.6.RELEASE]
	... 22 more
Caused by: org.h2.jdbc.JdbcSQLNonTransientConnectionException: Connection is broken: "java.net.ConnectException: Connection refused (Connection refused): localhost" [90067-200]
	at org.h2.message.DbException.getJdbcSQLException(DbException.java:622) ~[h2-1.4.200.jar:1.4.200]
	at org.h2.message.DbException.getJdbcSQLException(DbException.java:429) ~[h2-1.4.200.jar:1.4.200]
	at org.h2.message.DbException.get(DbException.java:194) ~[h2-1.4.200.jar:1.4.200]
	at org.h2.engine.SessionRemote.connectServer(SessionRemote.java:439) ~[h2-1.4.200.jar:1.4.200]
	at org.h2.engine.SessionRemote.connectEmbeddedOrServer(SessionRemote.java:321) ~[h2-1.4.200.jar:1.4.200]
	at org.h2.jdbc.JdbcConnection.<init>(JdbcConnection.java:173) ~[h2-1.4.200.jar:1.4.200]
	at org.h2.jdbc.JdbcConnection.<init>(JdbcConnection.java:152) ~[h2-1.4.200.jar:1.4.200]
	at org.h2.Driver.connect(Driver.java:69) ~[h2-1.4.200.jar:1.4.200]
	at java.sql.DriverManager.getConnection(DriverManager.java:664) ~[?:1.8.0_281]
	at java.sql.DriverManager.getConnection(DriverManager.java:208) ~[?:1.8.0_281]
	at org.springframework.jdbc.datasource.DriverManagerDataSource.getConnectionFromDriverManager(DriverManagerDataSource.java:155) ~[spring-jdbc-5.2.6.RELEASE.jar:5.2.6.RELEASE]
	at org.springframework.jdbc.datasource.DriverManagerDataSource.getConnectionFromDriver(DriverManagerDataSource.java:146) ~[spring-jdbc-5.2.6.RELEASE.jar:5.2.6.RELEASE]
	at org.springframework.jdbc.datasource.AbstractDriverBasedDataSource.getConnectionFromDriver(AbstractDriverBasedDataSource.java:205) ~[spring-jdbc-5.2.6.RELEASE.jar:5.2.6.RELEASE]
	at org.springframework.jdbc.datasource.AbstractDriverBasedDataSource.getConnection(AbstractDriverBasedDataSource.java:169) ~[spring-jdbc-5.2.6.RELEASE.jar:5.2.6.RELEASE]
	at org.springframework.jdbc.datasource.DataSourceUtils.fetchConnection(DataSourceUtils.java:158) ~[spring-jdbc-5.2.6.RELEASE.jar:5.2.6.RELEASE]
	at org.springframework.jdbc.datasource.DataSourceUtils.doGetConnection(DataSourceUtils.java:116) ~[spring-jdbc-5.2.6.RELEASE.jar:5.2.6.RELEASE]
	at org.springframework.jdbc.datasource.DataSourceUtils.getConnection(DataSourceUtils.java:79) ~[spring-jdbc-5.2.6.RELEASE.jar:5.2.6.RELEASE]
	at org.springframework.jdbc.support.JdbcUtils.extractDatabaseMetaData(JdbcUtils.java:336) ~[spring-jdbc-5.2.6.RELEASE.jar:5.2.6.RELEASE]
	at org.springframework.jdbc.support.JdbcUtils.extractDatabaseMetaData(JdbcUtils.java:373) ~[spring-jdbc-5.2.6.RELEASE.jar:5.2.6.RELEASE]
	at org.springframework.batch.support.DatabaseType.fromMetaData(DatabaseType.java:102) ~[spring-batch-infrastructure-4.2.2.RELEASE.jar:4.2.2.RELEASE]
	at org.springframework.batch.core.repository.support.JobRepositoryFactoryBean.afterPropertiesSet(JobRepositoryFactoryBean.java:183) ~[spring-batch-core-4.2.2.RELEASE.jar:4.2.2.RELEASE]
	at org.springframework.boot.autoconfigure.batch.BasicBatchConfigurer.createJobRepository(BasicBatchConfigurer.java:129) ~[spring-boot-autoconfigure-2.3.0.RELEASE.jar:2.3.0.RELEASE]
	at org.springframework.boot.autoconfigure.batch.BasicBatchConfigurer.initialize(BasicBatchConfigurer.java:97) ~[spring-boot-autoconfigure-2.3.0.RELEASE.jar:2.3.0.RELEASE]
	at sun.reflect.NativeMethodAccessorImpl.invoke0(Native Method) ~[?:1.8.0_281]
	at sun.reflect.NativeMethodAccessorImpl.invoke(NativeMethodAccessorImpl.java:62) ~[?:1.8.0_281]
	at sun.reflect.DelegatingMethodAccessorImpl.invoke(DelegatingMethodAccessorImpl.java:43) ~[?:1.8.0_281]
	at java.lang.reflect.Method.invoke(Method.java:498) ~[?:1.8.0_281]
	at org.springframework.beans.factory.annotation.InitDestroyAnnotationBeanPostProcessor$LifecycleElement.invoke(InitDestroyAnnotationBeanPostProcessor.java:389) ~[spring-beans-5.2.6.RELEASE.jar:5.2.6.RELEASE]
	at org.springframework.beans.factory.annotation.InitDestroyAnnotationBeanPostProcessor$LifecycleMetadata.invokeInitMethods(InitDestroyAnnotationBeanPostProcessor.java:333) ~[spring-beans-5.2.6.RELEASE.jar:5.2.6.RELEASE]
	at org.springframework.beans.factory.annotation.InitDestroyAnnotationBeanPostProcessor.postProcessBeforeInitialization(InitDestroyAnnotationBeanPostProcessor.java:157) ~[spring-beans-5.2.6.RELEASE.jar:5.2.6.RELEASE]
	... 22 more
Caused by: java.net.ConnectException: Connection refused (Connection refused)
	at java.net.PlainSocketImpl.socketConnect(Native Method) ~[?:1.8.0_281]
	at java.net.AbstractPlainSocketImpl.doConnect(AbstractPlainSocketImpl.java:476) ~[?:1.8.0_281]
	at java.net.AbstractPlainSocketImpl.connectToAddress(AbstractPlainSocketImpl.java:218) ~[?:1.8.0_281]
	at java.net.AbstractPlainSocketImpl.connect(AbstractPlainSocketImpl.java:200) ~[?:1.8.0_281]
	at java.net.SocksSocketImpl.connect(SocksSocketImpl.java:394) ~[?:1.8.0_281]
	at java.net.Socket.connect(Socket.java:606) ~[?:1.8.0_281]
	at org.h2.util.NetUtils.createSocket(NetUtils.java:103) ~[h2-1.4.200.jar:1.4.200]
	at org.h2.util.NetUtils.createSocket(NetUtils.java:83) ~[h2-1.4.200.jar:1.4.200]
	at org.h2.engine.SessionRemote.initTransfer(SessionRemote.java:119) ~[h2-1.4.200.jar:1.4.200]
	at org.h2.engine.SessionRemote.connectServer(SessionRemote.java:435) ~[h2-1.4.200.jar:1.4.200]
	at org.h2.engine.SessionRemote.connectEmbeddedOrServer(SessionRemote.java:321) ~[h2-1.4.200.jar:1.4.200]
	at org.h2.jdbc.JdbcConnection.<init>(JdbcConnection.java:173) ~[h2-1.4.200.jar:1.4.200]
	at org.h2.jdbc.JdbcConnection.<init>(JdbcConnection.java:152) ~[h2-1.4.200.jar:1.4.200]
	at org.h2.Driver.connect(Driver.java:69) ~[h2-1.4.200.jar:1.4.200]
	at java.sql.DriverManager.getConnection(DriverManager.java:664) ~[?:1.8.0_281]
	at java.sql.DriverManager.getConnection(DriverManager.java:208) ~[?:1.8.0_281]
	at org.springframework.jdbc.datasource.DriverManagerDataSource.getConnectionFromDriverManager(DriverManagerDataSource.java:155) ~[spring-jdbc-5.2.6.RELEASE.jar:5.2.6.RELEASE]
	at org.springframework.jdbc.datasource.DriverManagerDataSource.getConnectionFromDriver(DriverManagerDataSource.java:146) ~[spring-jdbc-5.2.6.RELEASE.jar:5.2.6.RELEASE]
	at org.springframework.jdbc.datasource.AbstractDriverBasedDataSource.getConnectionFromDriver(AbstractDriverBasedDataSource.java:205) ~[spring-jdbc-5.2.6.RELEASE.jar:5.2.6.RELEASE]
	at org.springframework.jdbc.datasource.AbstractDriverBasedDataSource.getConnection(AbstractDriverBasedDataSource.java:169) ~[spring-jdbc-5.2.6.RELEASE.jar:5.2.6.RELEASE]
	at org.springframework.jdbc.datasource.DataSourceUtils.fetchConnection(DataSourceUtils.java:158) ~[spring-jdbc-5.2.6.RELEASE.jar:5.2.6.RELEASE]
	at org.springframework.jdbc.datasource.DataSourceUtils.doGetConnection(DataSourceUtils.java:116) ~[spring-jdbc-5.2.6.RELEASE.jar:5.2.6.RELEASE]
	at org.springframework.jdbc.datasource.DataSourceUtils.getConnection(DataSourceUtils.java:79) ~[spring-jdbc-5.2.6.RELEASE.jar:5.2.6.RELEASE]
	at org.springframework.jdbc.support.JdbcUtils.extractDatabaseMetaData(JdbcUtils.java:336) ~[spring-jdbc-5.2.6.RELEASE.jar:5.2.6.RELEASE]
	at org.springframework.jdbc.support.JdbcUtils.extractDatabaseMetaData(JdbcUtils.java:373) ~[spring-jdbc-5.2.6.RELEASE.jar:5.2.6.RELEASE]
	at org.springframework.batch.support.DatabaseType.fromMetaData(DatabaseType.java:102) ~[spring-batch-infrastructure-4.2.2.RELEASE.jar:4.2.2.RELEASE]
	at org.springframework.batch.core.repository.support.JobRepositoryFactoryBean.afterPropertiesSet(JobRepositoryFactoryBean.java:183) ~[spring-batch-core-4.2.2.RELEASE.jar:4.2.2.RELEASE]
	at org.springframework.boot.autoconfigure.batch.BasicBatchConfigurer.createJobRepository(BasicBatchConfigurer.java:129) ~[spring-boot-autoconfigure-2.3.0.RELEASE.jar:2.3.0.RELEASE]
	at org.springframework.boot.autoconfigure.batch.BasicBatchConfigurer.initialize(BasicBatchConfigurer.java:97) ~[spring-boot-autoconfigure-2.3.0.RELEASE.jar:2.3.0.RELEASE]
	at sun.reflect.NativeMethodAccessorImpl.invoke0(Native Method) ~[?:1.8.0_281]
	at sun.reflect.NativeMethodAccessorImpl.invoke(NativeMethodAccessorImpl.java:62) ~[?:1.8.0_281]
	at sun.reflect.DelegatingMethodAccessorImpl.invoke(DelegatingMethodAccessorImpl.java:43) ~[?:1.8.0_281]
	at java.lang.reflect.Method.invoke(Method.java:498) ~[?:1.8.0_281]
	at org.springframework.beans.factory.annotation.InitDestroyAnnotationBeanPostProcessor$LifecycleElement.invoke(InitDestroyAnnotationBeanPostProcessor.java:389) ~[spring-beans-5.2.6.RELEASE.jar:5.2.6.RELEASE]
	at org.springframework.beans.factory.annotation.InitDestroyAnnotationBeanPostProcessor$LifecycleMetadata.invokeInitMethods(InitDestroyAnnotationBeanPostProcessor.java:333) ~[spring-beans-5.2.6.RELEASE.jar:5.2.6.RELEASE]
	at org.springframework.beans.factory.annotation.InitDestroyAnnotationBeanPostProcessor.postProcessBeforeInitialization(InitDestroyAnnotationBeanPostProcessor.java:157) ~[spring-beans-5.2.6.RELEASE.jar:5.2.6.RELEASE]
	... 22 more
2022-03-13T16:10:19.108+0100 ERROR 

***************************
APPLICATION FAILED TO START
***************************

Description:

Web server failed to start. Port 8080 was already in use.

Action:

Identify and stop the process that's listening on port 8080 or configure this application to listen on another port.

2022-03-13T16:12:37.573+0100 ERROR 

***************************
APPLICATION FAILED TO START
***************************

Description:

Web server failed to start. Port 8080 was already in use.

Action:

Identify and stop the process that's listening on port 8080 or configure this application to listen on another port.

2022-03-13T16:13:43.548+0100 ERROR 

***************************
APPLICATION FAILED TO START
***************************

Description:

Web server failed to start. Port 8080 was already in use.

Action:

Identify and stop the process that's listening on port 8080 or configure this application to listen on another port.

2022-03-13T16:15:53.443+0100 ERROR 

***************************
APPLICATION FAILED TO START
***************************

Description:

Web server failed to start. Port 8080 was already in use.

Action:

Identify and stop the process that's listening on port 8080 or configure this application to listen on another port.

2022-03-16T22:30:01.564+0100 ERROR Application run failed
org.springframework.beans.factory.BeanCreationException: Error creating bean with name 'batchConfigurer': Invocation of init method failed; nested exception is java.lang.IllegalStateException: Unable to initialize Spring Batch
	at org.springframework.beans.factory.annotation.InitDestroyAnnotationBeanPostProcessor.postProcessBeforeInitialization(InitDestroyAnnotationBeanPostProcessor.java:160) ~[spring-beans-5.2.6.RELEASE.jar:5.2.6.RELEASE]
	at org.springframework.beans.factory.support.AbstractAutowireCapableBeanFactory.applyBeanPostProcessorsBeforeInitialization(AbstractAutowireCapableBeanFactory.java:416) ~[spring-beans-5.2.6.RELEASE.jar:5.2.6.RELEASE]
	at org.springframework.beans.factory.support.AbstractAutowireCapableBeanFactory.initializeBean(AbstractAutowireCapableBeanFactory.java:1788) ~[spring-beans-5.2.6.RELEASE.jar:5.2.6.RELEASE]
	at org.springframework.beans.factory.support.AbstractAutowireCapableBeanFactory.doCreateBean(AbstractAutowireCapableBeanFactory.java:595) ~[spring-beans-5.2.6.RELEASE.jar:5.2.6.RELEASE]
	at org.springframework.beans.factory.support.AbstractAutowireCapableBeanFactory.createBean(AbstractAutowireCapableBeanFactory.java:517) ~[spring-beans-5.2.6.RELEASE.jar:5.2.6.RELEASE]
	at org.springframework.beans.factory.support.AbstractBeanFactory.lambda$doGetBean$0(AbstractBeanFactory.java:323) ~[spring-beans-5.2.6.RELEASE.jar:5.2.6.RELEASE]
	at org.springframework.beans.factory.support.DefaultSingletonBeanRegistry.getSingleton(DefaultSingletonBeanRegistry.java:226) ~[spring-beans-5.2.6.RELEASE.jar:5.2.6.RELEASE]
	at org.springframework.beans.factory.support.AbstractBeanFactory.doGetBean(AbstractBeanFactory.java:321) ~[spring-beans-5.2.6.RELEASE.jar:5.2.6.RELEASE]
	at org.springframework.beans.factory.support.AbstractBeanFactory.getBean(AbstractBeanFactory.java:202) ~[spring-beans-5.2.6.RELEASE.jar:5.2.6.RELEASE]
	at org.springframework.beans.factory.support.DefaultListableBeanFactory.preInstantiateSingletons(DefaultListableBeanFactory.java:895) ~[spring-beans-5.2.6.RELEASE.jar:5.2.6.RELEASE]
	at org.springframework.context.support.AbstractApplicationContext.finishBeanFactoryInitialization(AbstractApplicationContext.java:878) ~[spring-context-5.2.6.RELEASE.jar:5.2.6.RELEASE]
	at org.springframework.context.support.AbstractApplicationContext.refresh(AbstractApplicationContext.java:550) ~[spring-context-5.2.6.RELEASE.jar:5.2.6.RELEASE]
	at org.springframework.boot.web.servlet.context.ServletWebServerApplicationContext.refresh(ServletWebServerApplicationContext.java:143) ~[spring-boot-2.3.0.RELEASE.jar:2.3.0.RELEASE]
	at org.springframework.boot.SpringApplication.refresh(SpringApplication.java:758) ~[spring-boot-2.3.0.RELEASE.jar:2.3.0.RELEASE]
	at org.springframework.boot.SpringApplication.refresh(SpringApplication.java:750) [spring-boot-2.3.0.RELEASE.jar:2.3.0.RELEASE]
	at org.springframework.boot.SpringApplication.refreshContext(SpringApplication.java:397) [spring-boot-2.3.0.RELEASE.jar:2.3.0.RELEASE]
	at org.springframework.boot.SpringApplication.run(SpringApplication.java:315) [spring-boot-2.3.0.RELEASE.jar:2.3.0.RELEASE]
	at cm.packagemanager.pmanager.PackageApplication.main(PackageApplication.java:36) [classes/:?]
	at sun.reflect.NativeMethodAccessorImpl.invoke0(Native Method) ~[?:1.8.0_281]
	at sun.reflect.NativeMethodAccessorImpl.invoke(NativeMethodAccessorImpl.java:62) ~[?:1.8.0_281]
	at sun.reflect.DelegatingMethodAccessorImpl.invoke(DelegatingMethodAccessorImpl.java:43) ~[?:1.8.0_281]
	at java.lang.reflect.Method.invoke(Method.java:498) ~[?:1.8.0_281]
	at org.springframework.boot.devtools.restart.RestartLauncher.run(RestartLauncher.java:49) [spring-boot-devtools-2.3.0.RELEASE.jar:2.3.0.RELEASE]
Caused by: java.lang.IllegalStateException: Unable to initialize Spring Batch
	at org.springframework.boot.autoconfigure.batch.BasicBatchConfigurer.initialize(BasicBatchConfigurer.java:102) ~[spring-boot-autoconfigure-2.3.0.RELEASE.jar:2.3.0.RELEASE]
	at sun.reflect.NativeMethodAccessorImpl.invoke0(Native Method) ~[?:1.8.0_281]
	at sun.reflect.NativeMethodAccessorImpl.invoke(NativeMethodAccessorImpl.java:62) ~[?:1.8.0_281]
	at sun.reflect.DelegatingMethodAccessorImpl.invoke(DelegatingMethodAccessorImpl.java:43) ~[?:1.8.0_281]
	at java.lang.reflect.Method.invoke(Method.java:498) ~[?:1.8.0_281]
	at org.springframework.beans.factory.annotation.InitDestroyAnnotationBeanPostProcessor$LifecycleElement.invoke(InitDestroyAnnotationBeanPostProcessor.java:389) ~[spring-beans-5.2.6.RELEASE.jar:5.2.6.RELEASE]
	at org.springframework.beans.factory.annotation.InitDestroyAnnotationBeanPostProcessor$LifecycleMetadata.invokeInitMethods(InitDestroyAnnotationBeanPostProcessor.java:333) ~[spring-beans-5.2.6.RELEASE.jar:5.2.6.RELEASE]
	at org.springframework.beans.factory.annotation.InitDestroyAnnotationBeanPostProcessor.postProcessBeforeInitialization(InitDestroyAnnotationBeanPostProcessor.java:157) ~[spring-beans-5.2.6.RELEASE.jar:5.2.6.RELEASE]
	... 22 more
Caused by: org.springframework.jdbc.support.MetaDataAccessException: Could not get Connection for extracting meta-data; nested exception is org.springframework.jdbc.CannotGetJdbcConnectionException: Failed to obtain JDBC Connection; nested exception is org.h2.jdbc.JdbcSQLNonTransientConnectionException: Connection is broken: "java.net.ConnectException: Connection refused (Connection refused): localhost" [90067-200]
	at org.springframework.jdbc.support.JdbcUtils.extractDatabaseMetaData(JdbcUtils.java:345) ~[spring-jdbc-5.2.6.RELEASE.jar:5.2.6.RELEASE]
	at org.springframework.jdbc.support.JdbcUtils.extractDatabaseMetaData(JdbcUtils.java:373) ~[spring-jdbc-5.2.6.RELEASE.jar:5.2.6.RELEASE]
	at org.springframework.batch.support.DatabaseType.fromMetaData(DatabaseType.java:102) ~[spring-batch-infrastructure-4.2.2.RELEASE.jar:4.2.2.RELEASE]
	at org.springframework.batch.core.repository.support.JobRepositoryFactoryBean.afterPropertiesSet(JobRepositoryFactoryBean.java:183) ~[spring-batch-core-4.2.2.RELEASE.jar:4.2.2.RELEASE]
	at org.springframework.boot.autoconfigure.batch.BasicBatchConfigurer.createJobRepository(BasicBatchConfigurer.java:129) ~[spring-boot-autoconfigure-2.3.0.RELEASE.jar:2.3.0.RELEASE]
	at org.springframework.boot.autoconfigure.batch.BasicBatchConfigurer.initialize(BasicBatchConfigurer.java:97) ~[spring-boot-autoconfigure-2.3.0.RELEASE.jar:2.3.0.RELEASE]
	at sun.reflect.NativeMethodAccessorImpl.invoke0(Native Method) ~[?:1.8.0_281]
	at sun.reflect.NativeMethodAccessorImpl.invoke(NativeMethodAccessorImpl.java:62) ~[?:1.8.0_281]
	at sun.reflect.DelegatingMethodAccessorImpl.invoke(DelegatingMethodAccessorImpl.java:43) ~[?:1.8.0_281]
	at java.lang.reflect.Method.invoke(Method.java:498) ~[?:1.8.0_281]
	at org.springframework.beans.factory.annotation.InitDestroyAnnotationBeanPostProcessor$LifecycleElement.invoke(InitDestroyAnnotationBeanPostProcessor.java:389) ~[spring-beans-5.2.6.RELEASE.jar:5.2.6.RELEASE]
	at org.springframework.beans.factory.annotation.InitDestroyAnnotationBeanPostProcessor$LifecycleMetadata.invokeInitMethods(InitDestroyAnnotationBeanPostProcessor.java:333) ~[spring-beans-5.2.6.RELEASE.jar:5.2.6.RELEASE]
	at org.springframework.beans.factory.annotation.InitDestroyAnnotationBeanPostProcessor.postProcessBeforeInitialization(InitDestroyAnnotationBeanPostProcessor.java:157) ~[spring-beans-5.2.6.RELEASE.jar:5.2.6.RELEASE]
	... 22 more
Caused by: org.springframework.jdbc.CannotGetJdbcConnectionException: Failed to obtain JDBC Connection; nested exception is org.h2.jdbc.JdbcSQLNonTransientConnectionException: Connection is broken: "java.net.ConnectException: Connection refused (Connection refused): localhost" [90067-200]
	at org.springframework.jdbc.datasource.DataSourceUtils.getConnection(DataSourceUtils.java:82) ~[spring-jdbc-5.2.6.RELEASE.jar:5.2.6.RELEASE]
	at org.springframework.jdbc.support.JdbcUtils.extractDatabaseMetaData(JdbcUtils.java:336) ~[spring-jdbc-5.2.6.RELEASE.jar:5.2.6.RELEASE]
	at org.springframework.jdbc.support.JdbcUtils.extractDatabaseMetaData(JdbcUtils.java:373) ~[spring-jdbc-5.2.6.RELEASE.jar:5.2.6.RELEASE]
	at org.springframework.batch.support.DatabaseType.fromMetaData(DatabaseType.java:102) ~[spring-batch-infrastructure-4.2.2.RELEASE.jar:4.2.2.RELEASE]
	at org.springframework.batch.core.repository.support.JobRepositoryFactoryBean.afterPropertiesSet(JobRepositoryFactoryBean.java:183) ~[spring-batch-core-4.2.2.RELEASE.jar:4.2.2.RELEASE]
	at org.springframework.boot.autoconfigure.batch.BasicBatchConfigurer.createJobRepository(BasicBatchConfigurer.java:129) ~[spring-boot-autoconfigure-2.3.0.RELEASE.jar:2.3.0.RELEASE]
	at org.springframework.boot.autoconfigure.batch.BasicBatchConfigurer.initialize(BasicBatchConfigurer.java:97) ~[spring-boot-autoconfigure-2.3.0.RELEASE.jar:2.3.0.RELEASE]
	at sun.reflect.NativeMethodAccessorImpl.invoke0(Native Method) ~[?:1.8.0_281]
	at sun.reflect.NativeMethodAccessorImpl.invoke(NativeMethodAccessorImpl.java:62) ~[?:1.8.0_281]
	at sun.reflect.DelegatingMethodAccessorImpl.invoke(DelegatingMethodAccessorImpl.java:43) ~[?:1.8.0_281]
	at java.lang.reflect.Method.invoke(Method.java:498) ~[?:1.8.0_281]
	at org.springframework.beans.factory.annotation.InitDestroyAnnotationBeanPostProcessor$LifecycleElement.invoke(InitDestroyAnnotationBeanPostProcessor.java:389) ~[spring-beans-5.2.6.RELEASE.jar:5.2.6.RELEASE]
	at org.springframework.beans.factory.annotation.InitDestroyAnnotationBeanPostProcessor$LifecycleMetadata.invokeInitMethods(InitDestroyAnnotationBeanPostProcessor.java:333) ~[spring-beans-5.2.6.RELEASE.jar:5.2.6.RELEASE]
	at org.springframework.beans.factory.annotation.InitDestroyAnnotationBeanPostProcessor.postProcessBeforeInitialization(InitDestroyAnnotationBeanPostProcessor.java:157) ~[spring-beans-5.2.6.RELEASE.jar:5.2.6.RELEASE]
	... 22 more
Caused by: org.h2.jdbc.JdbcSQLNonTransientConnectionException: Connection is broken: "java.net.ConnectException: Connection refused (Connection refused): localhost" [90067-200]
	at org.h2.message.DbException.getJdbcSQLException(DbException.java:622) ~[h2-1.4.200.jar:1.4.200]
	at org.h2.message.DbException.getJdbcSQLException(DbException.java:429) ~[h2-1.4.200.jar:1.4.200]
	at org.h2.message.DbException.get(DbException.java:194) ~[h2-1.4.200.jar:1.4.200]
	at org.h2.engine.SessionRemote.connectServer(SessionRemote.java:439) ~[h2-1.4.200.jar:1.4.200]
	at org.h2.engine.SessionRemote.connectEmbeddedOrServer(SessionRemote.java:321) ~[h2-1.4.200.jar:1.4.200]
	at org.h2.jdbc.JdbcConnection.<init>(JdbcConnection.java:173) ~[h2-1.4.200.jar:1.4.200]
	at org.h2.jdbc.JdbcConnection.<init>(JdbcConnection.java:152) ~[h2-1.4.200.jar:1.4.200]
	at org.h2.Driver.connect(Driver.java:69) ~[h2-1.4.200.jar:1.4.200]
	at java.sql.DriverManager.getConnection(DriverManager.java:664) ~[?:1.8.0_281]
	at java.sql.DriverManager.getConnection(DriverManager.java:208) ~[?:1.8.0_281]
	at org.springframework.jdbc.datasource.DriverManagerDataSource.getConnectionFromDriverManager(DriverManagerDataSource.java:155) ~[spring-jdbc-5.2.6.RELEASE.jar:5.2.6.RELEASE]
	at org.springframework.jdbc.datasource.DriverManagerDataSource.getConnectionFromDriver(DriverManagerDataSource.java:146) ~[spring-jdbc-5.2.6.RELEASE.jar:5.2.6.RELEASE]
	at org.springframework.jdbc.datasource.AbstractDriverBasedDataSource.getConnectionFromDriver(AbstractDriverBasedDataSource.java:205) ~[spring-jdbc-5.2.6.RELEASE.jar:5.2.6.RELEASE]
	at org.springframework.jdbc.datasource.AbstractDriverBasedDataSource.getConnection(AbstractDriverBasedDataSource.java:169) ~[spring-jdbc-5.2.6.RELEASE.jar:5.2.6.RELEASE]
	at org.springframework.jdbc.datasource.DataSourceUtils.fetchConnection(DataSourceUtils.java:158) ~[spring-jdbc-5.2.6.RELEASE.jar:5.2.6.RELEASE]
	at org.springframework.jdbc.datasource.DataSourceUtils.doGetConnection(DataSourceUtils.java:116) ~[spring-jdbc-5.2.6.RELEASE.jar:5.2.6.RELEASE]
	at org.springframework.jdbc.datasource.DataSourceUtils.getConnection(DataSourceUtils.java:79) ~[spring-jdbc-5.2.6.RELEASE.jar:5.2.6.RELEASE]
	at org.springframework.jdbc.support.JdbcUtils.extractDatabaseMetaData(JdbcUtils.java:336) ~[spring-jdbc-5.2.6.RELEASE.jar:5.2.6.RELEASE]
	at org.springframework.jdbc.support.JdbcUtils.extractDatabaseMetaData(JdbcUtils.java:373) ~[spring-jdbc-5.2.6.RELEASE.jar:5.2.6.RELEASE]
	at org.springframework.batch.support.DatabaseType.fromMetaData(DatabaseType.java:102) ~[spring-batch-infrastructure-4.2.2.RELEASE.jar:4.2.2.RELEASE]
	at org.springframework.batch.core.repository.support.JobRepositoryFactoryBean.afterPropertiesSet(JobRepositoryFactoryBean.java:183) ~[spring-batch-core-4.2.2.RELEASE.jar:4.2.2.RELEASE]
	at org.springframework.boot.autoconfigure.batch.BasicBatchConfigurer.createJobRepository(BasicBatchConfigurer.java:129) ~[spring-boot-autoconfigure-2.3.0.RELEASE.jar:2.3.0.RELEASE]
	at org.springframework.boot.autoconfigure.batch.BasicBatchConfigurer.initialize(BasicBatchConfigurer.java:97) ~[spring-boot-autoconfigure-2.3.0.RELEASE.jar:2.3.0.RELEASE]
	at sun.reflect.NativeMethodAccessorImpl.invoke0(Native Method) ~[?:1.8.0_281]
	at sun.reflect.NativeMethodAccessorImpl.invoke(NativeMethodAccessorImpl.java:62) ~[?:1.8.0_281]
	at sun.reflect.DelegatingMethodAccessorImpl.invoke(DelegatingMethodAccessorImpl.java:43) ~[?:1.8.0_281]
	at java.lang.reflect.Method.invoke(Method.java:498) ~[?:1.8.0_281]
	at org.springframework.beans.factory.annotation.InitDestroyAnnotationBeanPostProcessor$LifecycleElement.invoke(InitDestroyAnnotationBeanPostProcessor.java:389) ~[spring-beans-5.2.6.RELEASE.jar:5.2.6.RELEASE]
	at org.springframework.beans.factory.annotation.InitDestroyAnnotationBeanPostProcessor$LifecycleMetadata.invokeInitMethods(InitDestroyAnnotationBeanPostProcessor.java:333) ~[spring-beans-5.2.6.RELEASE.jar:5.2.6.RELEASE]
	at org.springframework.beans.factory.annotation.InitDestroyAnnotationBeanPostProcessor.postProcessBeforeInitialization(InitDestroyAnnotationBeanPostProcessor.java:157) ~[spring-beans-5.2.6.RELEASE.jar:5.2.6.RELEASE]
	... 22 more
Caused by: java.net.ConnectException: Connection refused (Connection refused)
	at java.net.PlainSocketImpl.socketConnect(Native Method) ~[?:1.8.0_281]
	at java.net.AbstractPlainSocketImpl.doConnect(AbstractPlainSocketImpl.java:476) ~[?:1.8.0_281]
	at java.net.AbstractPlainSocketImpl.connectToAddress(AbstractPlainSocketImpl.java:218) ~[?:1.8.0_281]
	at java.net.AbstractPlainSocketImpl.connect(AbstractPlainSocketImpl.java:200) ~[?:1.8.0_281]
	at java.net.SocksSocketImpl.connect(SocksSocketImpl.java:394) ~[?:1.8.0_281]
	at java.net.Socket.connect(Socket.java:606) ~[?:1.8.0_281]
	at org.h2.util.NetUtils.createSocket(NetUtils.java:103) ~[h2-1.4.200.jar:1.4.200]
	at org.h2.util.NetUtils.createSocket(NetUtils.java:83) ~[h2-1.4.200.jar:1.4.200]
	at org.h2.engine.SessionRemote.initTransfer(SessionRemote.java:119) ~[h2-1.4.200.jar:1.4.200]
	at org.h2.engine.SessionRemote.connectServer(SessionRemote.java:435) ~[h2-1.4.200.jar:1.4.200]
	at org.h2.engine.SessionRemote.connectEmbeddedOrServer(SessionRemote.java:321) ~[h2-1.4.200.jar:1.4.200]
	at org.h2.jdbc.JdbcConnection.<init>(JdbcConnection.java:173) ~[h2-1.4.200.jar:1.4.200]
	at org.h2.jdbc.JdbcConnection.<init>(JdbcConnection.java:152) ~[h2-1.4.200.jar:1.4.200]
	at org.h2.Driver.connect(Driver.java:69) ~[h2-1.4.200.jar:1.4.200]
	at java.sql.DriverManager.getConnection(DriverManager.java:664) ~[?:1.8.0_281]
	at java.sql.DriverManager.getConnection(DriverManager.java:208) ~[?:1.8.0_281]
	at org.springframework.jdbc.datasource.DriverManagerDataSource.getConnectionFromDriverManager(DriverManagerDataSource.java:155) ~[spring-jdbc-5.2.6.RELEASE.jar:5.2.6.RELEASE]
	at org.springframework.jdbc.datasource.DriverManagerDataSource.getConnectionFromDriver(DriverManagerDataSource.java:146) ~[spring-jdbc-5.2.6.RELEASE.jar:5.2.6.RELEASE]
	at org.springframework.jdbc.datasource.AbstractDriverBasedDataSource.getConnectionFromDriver(AbstractDriverBasedDataSource.java:205) ~[spring-jdbc-5.2.6.RELEASE.jar:5.2.6.RELEASE]
	at org.springframework.jdbc.datasource.AbstractDriverBasedDataSource.getConnection(AbstractDriverBasedDataSource.java:169) ~[spring-jdbc-5.2.6.RELEASE.jar:5.2.6.RELEASE]
	at org.springframework.jdbc.datasource.DataSourceUtils.fetchConnection(DataSourceUtils.java:158) ~[spring-jdbc-5.2.6.RELEASE.jar:5.2.6.RELEASE]
	at org.springframework.jdbc.datasource.DataSourceUtils.doGetConnection(DataSourceUtils.java:116) ~[spring-jdbc-5.2.6.RELEASE.jar:5.2.6.RELEASE]
	at org.springframework.jdbc.datasource.DataSourceUtils.getConnection(DataSourceUtils.java:79) ~[spring-jdbc-5.2.6.RELEASE.jar:5.2.6.RELEASE]
	at org.springframework.jdbc.support.JdbcUtils.extractDatabaseMetaData(JdbcUtils.java:336) ~[spring-jdbc-5.2.6.RELEASE.jar:5.2.6.RELEASE]
	at org.springframework.jdbc.support.JdbcUtils.extractDatabaseMetaData(JdbcUtils.java:373) ~[spring-jdbc-5.2.6.RELEASE.jar:5.2.6.RELEASE]
	at org.springframework.batch.support.DatabaseType.fromMetaData(DatabaseType.java:102) ~[spring-batch-infrastructure-4.2.2.RELEASE.jar:4.2.2.RELEASE]
	at org.springframework.batch.core.repository.support.JobRepositoryFactoryBean.afterPropertiesSet(JobRepositoryFactoryBean.java:183) ~[spring-batch-core-4.2.2.RELEASE.jar:4.2.2.RELEASE]
	at org.springframework.boot.autoconfigure.batch.BasicBatchConfigurer.createJobRepository(BasicBatchConfigurer.java:129) ~[spring-boot-autoconfigure-2.3.0.RELEASE.jar:2.3.0.RELEASE]
	at org.springframework.boot.autoconfigure.batch.BasicBatchConfigurer.initialize(BasicBatchConfigurer.java:97) ~[spring-boot-autoconfigure-2.3.0.RELEASE.jar:2.3.0.RELEASE]
	at sun.reflect.NativeMethodAccessorImpl.invoke0(Native Method) ~[?:1.8.0_281]
	at sun.reflect.NativeMethodAccessorImpl.invoke(NativeMethodAccessorImpl.java:62) ~[?:1.8.0_281]
	at sun.reflect.DelegatingMethodAccessorImpl.invoke(DelegatingMethodAccessorImpl.java:43) ~[?:1.8.0_281]
	at java.lang.reflect.Method.invoke(Method.java:498) ~[?:1.8.0_281]
	at org.springframework.beans.factory.annotation.InitDestroyAnnotationBeanPostProcessor$LifecycleElement.invoke(InitDestroyAnnotationBeanPostProcessor.java:389) ~[spring-beans-5.2.6.RELEASE.jar:5.2.6.RELEASE]
	at org.springframework.beans.factory.annotation.InitDestroyAnnotationBeanPostProcessor$LifecycleMetadata.invokeInitMethods(InitDestroyAnnotationBeanPostProcessor.java:333) ~[spring-beans-5.2.6.RELEASE.jar:5.2.6.RELEASE]
	at org.springframework.beans.factory.annotation.InitDestroyAnnotationBeanPostProcessor.postProcessBeforeInitialization(InitDestroyAnnotationBeanPostProcessor.java:157) ~[spring-beans-5.2.6.RELEASE.jar:5.2.6.RELEASE]
	... 22 more
2022-03-16T22:36:35.710+0100 ERROR Table "TP_USER" not found; SQL statement:
select uservo0_.ID as id1_18_, uservo0_.cancelled as cancelle2_18_, uservo0_.dateCreated as datecrea3_18_, uservo0_.lastUpdated as lastupda4_18_, uservo0_.ACTIVE as active5_18_, uservo0_.CONFIRM_TOKEN as confirm_6_18_, uservo0_.EMAIL as email7_18_, uservo0_.ENABLE_NOTIF as enable_n8_18_, uservo0_.FACEBOOK_ID as facebook9_18_, uservo0_.FIRST_NAME as first_n10_18_, uservo0_.GENDER as gender11_18_, uservo0_.GOOGLE_ID as google_12_18_, uservo0_.image_ID as image_i17_18_, uservo0_.LAST_NAME as last_na13_18_, uservo0_.PASSWORD as passwor14_18_, uservo0_.PHONE as phone15_18_, uservo0_.USERNAME as usernam16_18_ from TP_USER uservo0_ where uservo0_.CANCELLED=0 and uservo0_.ACTIVE=1 and ( exists (select uservo0_.id from tp_user where uservo0_.cancelled = 0)) and (uservo0_.USERNAME like ?) [42102-200]
2022-03-16T22:36:49.178+0100 ERROR Table "TP_USER" not found; SQL statement:
select uservo0_.ID as id1_18_, uservo0_.cancelled as cancelle2_18_, uservo0_.dateCreated as datecrea3_18_, uservo0_.lastUpdated as lastupda4_18_, uservo0_.ACTIVE as active5_18_, uservo0_.CONFIRM_TOKEN as confirm_6_18_, uservo0_.EMAIL as email7_18_, uservo0_.ENABLE_NOTIF as enable_n8_18_, uservo0_.FACEBOOK_ID as facebook9_18_, uservo0_.FIRST_NAME as first_n10_18_, uservo0_.GENDER as gender11_18_, uservo0_.GOOGLE_ID as google_12_18_, uservo0_.image_ID as image_i17_18_, uservo0_.LAST_NAME as last_na13_18_, uservo0_.PASSWORD as passwor14_18_, uservo0_.PHONE as phone15_18_, uservo0_.USERNAME as usernam16_18_ from TP_USER uservo0_ where uservo0_.CANCELLED=0 and uservo0_.ACTIVE=1 and ( exists (select uservo0_.id from tp_user where uservo0_.cancelled = 0)) and (uservo0_.USERNAME like ?) [42102-200]
2022-03-16T22:39:04.956+0100 ERROR Table "TP_USER_COMMUNICATION" not found; SQL statement:
select communicat0_.users_ID as users_id1_19_0_, communicat0_.communications_ID as communic2_19_0_, communicat1_.ID as id1_7_1_, communicat1_.cancelled as cancelle2_7_1_, communicat1_.dateCreated as datecrea3_7_1_, communicat1_.lastUpdated as lastupda4_7_1_, communicat1_.R_ADMIN_ID as r_admin_7_7_1_, communicat1_.CONTENT as content5_7_1_, communicat1_.TYPE as type6_7_1_ from TP_USER_COMMUNICATION communicat0_ inner join COMMUNICATION communicat1_ on communicat0_.communications_ID=communicat1_.ID where communicat0_.users_ID=? [42102-200]
